08.06.2024 16:00:38.982 [main] INFO  c.e.o.OnlineSchoolApplication - Starting OnlineSchoolApplication using Java 17.0.9 with PID 796 (/Users/luibov/Desktop/Proekt/OnlineSchool/target/classes started by luibov in /Users/luibov/Desktop/Proekt/OnlineSchool)
08.06.2024 16:00:39.007 [main] INFO  c.e.o.OnlineSchoolApplication - No active profile set, falling back to 1 default profile: "default"
08.06.2024 16:00:40.662 [main] INFO  o.s.d.r.c.RepositoryConfigurationDelegate - Bootstrapping Spring Data JPA repositories in DEFAULT mode.
08.06.2024 16:00:40.749 [main] INFO  o.s.d.r.c.RepositoryConfigurationDelegate - Finished Spring Data repository scanning in 75 ms. Found 5 JPA repository interfaces.
08.06.2024 16:00:41.848 [main] INFO  o.s.b.w.e.t.TomcatWebServer - Tomcat initialized with port 8080 (http)
08.06.2024 16:00:41.863 [main] INFO  o.a.c.c.StandardService - Starting service [Tomcat]
08.06.2024 16:00:41.863 [main] INFO  o.a.c.c.StandardEngine - Starting Servlet engine: [Apache Tomcat/10.1.19]
08.06.2024 16:00:41.922 [main] INFO  o.a.c.c.C.[.[.[/] - Initializing Spring embedded WebApplicationContext
08.06.2024 16:00:41.923 [main] INFO  o.s.b.w.s.c.ServletWebServerApplicationContext - Root WebApplicationContext: initialization completed in 2870 ms
08.06.2024 16:00:42.308 [main] INFO  c.z.h.HikariDataSource - HikariPool-1 - Starting...
08.06.2024 16:00:43.077 [main] INFO  c.z.h.p.HikariPool - HikariPool-1 - Added connection com.mysql.cj.jdbc.ConnectionImpl@7612116b
08.06.2024 16:00:43.078 [main] INFO  c.z.h.HikariDataSource - HikariPool-1 - Start completed.
08.06.2024 16:00:43.780 [main] INFO  liquibase.changelog - Reading from online_school.databasechangelog
08.06.2024 16:00:43.802 [main] INFO  liquibase.changelog - Change failed validation!
08.06.2024 16:00:43.804 [main] INFO  liquibase.command - Logging exception.
08.06.2024 16:00:43.804 [main] INFO  liquibase.ui - ERROR: Exception Details
08.06.2024 16:00:43.804 [main] INFO  liquibase.ui - ERROR: Exception Primary Class:  ValidationFailedException
08.06.2024 16:00:43.804 [main] INFO  liquibase.ui - ERROR: Exception Primary Reason: Validation Failed:
     2 changesets check sum
          db/changelog/v1.0.0-SNAPSHOT/init-db.sql::raw::includeAll was: 9:7ee478daa6c3aa74b19a0477d570baeb but is now: 9:be7df70bdc98bfa3a67c4c4490cb5a77
          db/changelog/v1.0.0-SNAPSHOT/data.sql::raw::includeAll was: 9:87477f55960bc70cfa46107657aad8f8 but is now: 9:31f664006ff453c61cca59d05c194693

08.06.2024 16:00:43.804 [main] INFO  liquibase.ui - ERROR: Exception Primary Source: 4.26.0
08.06.2024 16:00:43.804 [main] INFO  liquibase.command - Command execution complete
08.06.2024 16:00:43.805 [main] WARN  o.s.b.w.s.c.AnnotationConfigServletWebServerApplicationContext - Exception encountered during context initialization - cancelling refresh attempt: org.springframework.beans.factory.BeanCreationException: Error creating bean with name 'liquibase' defined in class path resource [org/springframework/boot/autoconfigure/liquibase/LiquibaseAutoConfiguration$LiquibaseConfiguration.class]: liquibase.exception.CommandExecutionException: liquibase.exception.ValidationFailedException: Validation Failed:
     2 changesets check sum
          db/changelog/v1.0.0-SNAPSHOT/init-db.sql::raw::includeAll was: 9:7ee478daa6c3aa74b19a0477d570baeb but is now: 9:be7df70bdc98bfa3a67c4c4490cb5a77
          db/changelog/v1.0.0-SNAPSHOT/data.sql::raw::includeAll was: 9:87477f55960bc70cfa46107657aad8f8 but is now: 9:31f664006ff453c61cca59d05c194693

08.06.2024 16:00:43.806 [main] INFO  c.z.h.HikariDataSource - HikariPool-1 - Shutdown initiated...
08.06.2024 16:00:43.826 [main] INFO  c.z.h.HikariDataSource - HikariPool-1 - Shutdown completed.
08.06.2024 16:00:43.828 [main] INFO  o.a.c.c.StandardService - Stopping service [Tomcat]
08.06.2024 16:00:43.845 [main] INFO  o.s.b.a.l.ConditionEvaluationReportLogger - 

Error starting ApplicationContext. To display the condition evaluation report re-run your application with 'debug' enabled.
08.06.2024 16:00:43.866 [main] ERROR o.s.b.SpringApplication - Application run failed
org.springframework.beans.factory.BeanCreationException: Error creating bean with name 'liquibase' defined in class path resource [org/springframework/boot/autoconfigure/liquibase/LiquibaseAutoConfiguration$LiquibaseConfiguration.class]: liquibase.exception.CommandExecutionException: liquibase.exception.ValidationFailedException: Validation Failed:
     2 changesets check sum
          db/changelog/v1.0.0-SNAPSHOT/init-db.sql::raw::includeAll was: 9:7ee478daa6c3aa74b19a0477d570baeb but is now: 9:be7df70bdc98bfa3a67c4c4490cb5a77
          db/changelog/v1.0.0-SNAPSHOT/data.sql::raw::includeAll was: 9:87477f55960bc70cfa46107657aad8f8 but is now: 9:31f664006ff453c61cca59d05c194693

	at org.springframework.beans.factory.support.AbstractAutowireCapableBeanFactory.initializeBean(AbstractAutowireCapableBeanFactory.java:1786)
	at org.springframework.beans.factory.support.AbstractAutowireCapableBeanFactory.doCreateBean(AbstractAutowireCapableBeanFactory.java:600)
	at org.springframework.beans.factory.support.AbstractAutowireCapableBeanFactory.createBean(AbstractAutowireCapableBeanFactory.java:522)
	at org.springframework.beans.factory.support.AbstractBeanFactory.lambda$doGetBean$0(AbstractBeanFactory.java:325)
	at org.springframework.beans.factory.support.DefaultSingletonBeanRegistry.getSingleton(DefaultSingletonBeanRegistry.java:234)
	at org.springframework.beans.factory.support.AbstractBeanFactory.doGetBean(AbstractBeanFactory.java:323)
	at org.springframework.beans.factory.support.AbstractBeanFactory.getBean(AbstractBeanFactory.java:199)
	at org.springframework.beans.factory.support.AbstractBeanFactory.doGetBean(AbstractBeanFactory.java:312)
	at org.springframework.beans.factory.support.AbstractBeanFactory.getBean(AbstractBeanFactory.java:199)
	at org.springframework.context.support.AbstractApplicationContext.getBean(AbstractApplicationContext.java:1231)
	at org.springframework.context.support.AbstractApplicationContext.finishBeanFactoryInitialization(AbstractApplicationContext.java:949)
	at org.springframework.context.support.AbstractApplicationContext.refresh(AbstractApplicationContext.java:624)
	at org.springframework.boot.web.servlet.context.ServletWebServerApplicationContext.refresh(ServletWebServerApplicationContext.java:146)
	at org.springframework.boot.SpringApplication.refresh(SpringApplication.java:754)
	at org.springframework.boot.SpringApplication.refreshContext(SpringApplication.java:456)
	at org.springframework.boot.SpringApplication.run(SpringApplication.java:334)
	at org.springframework.boot.SpringApplication.run(SpringApplication.java:1354)
	at org.springframework.boot.SpringApplication.run(SpringApplication.java:1343)
	at com.example.online_school.OnlineSchoolApplication.main(OnlineSchoolApplication.java:22)
Caused by: liquibase.exception.UnexpectedLiquibaseException: liquibase.exception.CommandExecutionException: liquibase.exception.ValidationFailedException: Validation Failed:
     2 changesets check sum
          db/changelog/v1.0.0-SNAPSHOT/init-db.sql::raw::includeAll was: 9:7ee478daa6c3aa74b19a0477d570baeb but is now: 9:be7df70bdc98bfa3a67c4c4490cb5a77
          db/changelog/v1.0.0-SNAPSHOT/data.sql::raw::includeAll was: 9:87477f55960bc70cfa46107657aad8f8 but is now: 9:31f664006ff453c61cca59d05c194693

	at liquibase.integration.spring.SpringLiquibase.afterPropertiesSet(SpringLiquibase.java:304)
	at org.springframework.beans.factory.support.AbstractAutowireCapableBeanFactory.invokeInitMethods(AbstractAutowireCapableBeanFactory.java:1833)
	at org.springframework.beans.factory.support.AbstractAutowireCapableBeanFactory.initializeBean(AbstractAutowireCapableBeanFactory.java:1782)
	... 18 common frames omitted
Caused by: liquibase.exception.CommandExecutionException: liquibase.exception.ValidationFailedException: Validation Failed:
     2 changesets check sum
          db/changelog/v1.0.0-SNAPSHOT/init-db.sql::raw::includeAll was: 9:7ee478daa6c3aa74b19a0477d570baeb but is now: 9:be7df70bdc98bfa3a67c4c4490cb5a77
          db/changelog/v1.0.0-SNAPSHOT/data.sql::raw::includeAll was: 9:87477f55960bc70cfa46107657aad8f8 but is now: 9:31f664006ff453c61cca59d05c194693

	at liquibase.command.CommandScope.execute(CommandScope.java:253)
	at liquibase.Liquibase.lambda$update$0(Liquibase.java:245)
	at liquibase.Scope.lambda$child$0(Scope.java:186)
	at liquibase.Scope.child(Scope.java:195)
	at liquibase.Scope.child(Scope.java:185)
	at liquibase.Scope.child(Scope.java:164)
	at liquibase.Liquibase.runInScope(Liquibase.java:1419)
	at liquibase.Liquibase.update(Liquibase.java:234)
	at liquibase.Liquibase.update(Liquibase.java:212)
	at liquibase.integration.spring.SpringLiquibase.performUpdate(SpringLiquibase.java:343)
	at liquibase.integration.spring.SpringLiquibase.lambda$afterPropertiesSet$0(SpringLiquibase.java:294)
	at liquibase.Scope.lambda$child$0(Scope.java:186)
	at liquibase.Scope.child(Scope.java:195)
	at liquibase.Scope.child(Scope.java:185)
	at liquibase.Scope.child(Scope.java:164)
	at liquibase.Scope.child(Scope.java:252)
	at liquibase.integration.spring.SpringLiquibase.afterPropertiesSet(SpringLiquibase.java:287)
	... 20 common frames omitted
Caused by: liquibase.exception.ValidationFailedException: Validation Failed:
     2 changesets check sum
          db/changelog/v1.0.0-SNAPSHOT/init-db.sql::raw::includeAll was: 9:7ee478daa6c3aa74b19a0477d570baeb but is now: 9:be7df70bdc98bfa3a67c4c4490cb5a77
          db/changelog/v1.0.0-SNAPSHOT/data.sql::raw::includeAll was: 9:87477f55960bc70cfa46107657aad8f8 but is now: 9:31f664006ff453c61cca59d05c194693

	at liquibase.changelog.DatabaseChangeLog.validate(DatabaseChangeLog.java:358)
	at liquibase.command.core.helpers.DatabaseChangelogCommandStep.run(DatabaseChangelogCommandStep.java:92)
	at liquibase.command.CommandScope.execute(CommandScope.java:217)
	... 36 common frames omitted
08.06.2024 16:14:45.288 [main] INFO  c.e.o.OnlineSchoolApplication - Starting OnlineSchoolApplication using Java 17.0.9 with PID 1315 (/Users/luibov/Desktop/Proekt/OnlineSchool/target/classes started by luibov in /Users/luibov/Desktop/Proekt/OnlineSchool)
08.06.2024 16:14:45.290 [main] INFO  c.e.o.OnlineSchoolApplication - No active profile set, falling back to 1 default profile: "default"
08.06.2024 16:14:46.179 [main] INFO  o.s.d.r.c.RepositoryConfigurationDelegate - Bootstrapping Spring Data JPA repositories in DEFAULT mode.
08.06.2024 16:14:46.242 [main] INFO  o.s.d.r.c.RepositoryConfigurationDelegate - Finished Spring Data repository scanning in 57 ms. Found 5 JPA repository interfaces.
08.06.2024 16:14:46.935 [main] INFO  o.s.b.w.e.t.TomcatWebServer - Tomcat initialized with port 8080 (http)
08.06.2024 16:14:46.943 [main] INFO  o.a.c.c.StandardService - Starting service [Tomcat]
08.06.2024 16:14:46.944 [main] INFO  o.a.c.c.StandardEngine - Starting Servlet engine: [Apache Tomcat/10.1.19]
08.06.2024 16:14:46.988 [main] INFO  o.a.c.c.C.[.[.[/] - Initializing Spring embedded WebApplicationContext
08.06.2024 16:14:46.988 [main] INFO  o.s.b.w.s.c.ServletWebServerApplicationContext - Root WebApplicationContext: initialization completed in 1662 ms
08.06.2024 16:14:47.294 [main] INFO  c.z.h.HikariDataSource - HikariPool-1 - Starting...
08.06.2024 16:14:47.516 [main] INFO  c.z.h.p.HikariPool - HikariPool-1 - Added connection com.mysql.cj.jdbc.ConnectionImpl@8d5da7e
08.06.2024 16:14:47.518 [main] INFO  c.z.h.HikariDataSource - HikariPool-1 - Start completed.
08.06.2024 16:14:47.998 [main] INFO  liquibase.changelog - Reading from online_school.databasechangelog
08.06.2024 16:14:48.014 [main] INFO  liquibase.changelog - Change failed validation!
08.06.2024 16:14:48.015 [main] INFO  liquibase.command - Logging exception.
08.06.2024 16:14:48.016 [main] INFO  liquibase.ui - ERROR: Exception Details
08.06.2024 16:14:48.016 [main] INFO  liquibase.ui - ERROR: Exception Primary Class:  ValidationFailedException
08.06.2024 16:14:48.016 [main] INFO  liquibase.ui - ERROR: Exception Primary Reason: Validation Failed:
     2 changesets check sum
          db/changelog/v1.0.0-SNAPSHOT/init-db.sql::raw::includeAll was: 9:7ee478daa6c3aa74b19a0477d570baeb but is now: 9:be7df70bdc98bfa3a67c4c4490cb5a77
          db/changelog/v1.0.0-SNAPSHOT/data.sql::raw::includeAll was: 9:87477f55960bc70cfa46107657aad8f8 but is now: 9:1b15c5b8f93de8a80f92525e0720c2e7

08.06.2024 16:14:48.016 [main] INFO  liquibase.ui - ERROR: Exception Primary Source: 4.26.0
08.06.2024 16:14:48.016 [main] INFO  liquibase.command - Command execution complete
08.06.2024 16:14:48.017 [main] WARN  o.s.b.w.s.c.AnnotationConfigServletWebServerApplicationContext - Exception encountered during context initialization - cancelling refresh attempt: org.springframework.beans.factory.BeanCreationException: Error creating bean with name 'liquibase' defined in class path resource [org/springframework/boot/autoconfigure/liquibase/LiquibaseAutoConfiguration$LiquibaseConfiguration.class]: liquibase.exception.CommandExecutionException: liquibase.exception.ValidationFailedException: Validation Failed:
     2 changesets check sum
          db/changelog/v1.0.0-SNAPSHOT/init-db.sql::raw::includeAll was: 9:7ee478daa6c3aa74b19a0477d570baeb but is now: 9:be7df70bdc98bfa3a67c4c4490cb5a77
          db/changelog/v1.0.0-SNAPSHOT/data.sql::raw::includeAll was: 9:87477f55960bc70cfa46107657aad8f8 but is now: 9:1b15c5b8f93de8a80f92525e0720c2e7

08.06.2024 16:14:48.018 [main] INFO  c.z.h.HikariDataSource - HikariPool-1 - Shutdown initiated...
08.06.2024 16:14:48.025 [main] INFO  c.z.h.HikariDataSource - HikariPool-1 - Shutdown completed.
08.06.2024 16:14:48.027 [main] INFO  o.a.c.c.StandardService - Stopping service [Tomcat]
08.06.2024 16:14:48.044 [main] INFO  o.s.b.a.l.ConditionEvaluationReportLogger - 

Error starting ApplicationContext. To display the condition evaluation report re-run your application with 'debug' enabled.
08.06.2024 16:14:48.056 [main] ERROR o.s.b.SpringApplication - Application run failed
org.springframework.beans.factory.BeanCreationException: Error creating bean with name 'liquibase' defined in class path resource [org/springframework/boot/autoconfigure/liquibase/LiquibaseAutoConfiguration$LiquibaseConfiguration.class]: liquibase.exception.CommandExecutionException: liquibase.exception.ValidationFailedException: Validation Failed:
     2 changesets check sum
          db/changelog/v1.0.0-SNAPSHOT/init-db.sql::raw::includeAll was: 9:7ee478daa6c3aa74b19a0477d570baeb but is now: 9:be7df70bdc98bfa3a67c4c4490cb5a77
          db/changelog/v1.0.0-SNAPSHOT/data.sql::raw::includeAll was: 9:87477f55960bc70cfa46107657aad8f8 but is now: 9:1b15c5b8f93de8a80f92525e0720c2e7

	at org.springframework.beans.factory.support.AbstractAutowireCapableBeanFactory.initializeBean(AbstractAutowireCapableBeanFactory.java:1786)
	at org.springframework.beans.factory.support.AbstractAutowireCapableBeanFactory.doCreateBean(AbstractAutowireCapableBeanFactory.java:600)
	at org.springframework.beans.factory.support.AbstractAutowireCapableBeanFactory.createBean(AbstractAutowireCapableBeanFactory.java:522)
	at org.springframework.beans.factory.support.AbstractBeanFactory.lambda$doGetBean$0(AbstractBeanFactory.java:325)
	at org.springframework.beans.factory.support.DefaultSingletonBeanRegistry.getSingleton(DefaultSingletonBeanRegistry.java:234)
	at org.springframework.beans.factory.support.AbstractBeanFactory.doGetBean(AbstractBeanFactory.java:323)
	at org.springframework.beans.factory.support.AbstractBeanFactory.getBean(AbstractBeanFactory.java:199)
	at org.springframework.beans.factory.support.AbstractBeanFactory.doGetBean(AbstractBeanFactory.java:312)
	at org.springframework.beans.factory.support.AbstractBeanFactory.getBean(AbstractBeanFactory.java:199)
	at org.springframework.context.support.AbstractApplicationContext.getBean(AbstractApplicationContext.java:1231)
	at org.springframework.context.support.AbstractApplicationContext.finishBeanFactoryInitialization(AbstractApplicationContext.java:949)
	at org.springframework.context.support.AbstractApplicationContext.refresh(AbstractApplicationContext.java:624)
	at org.springframework.boot.web.servlet.context.ServletWebServerApplicationContext.refresh(ServletWebServerApplicationContext.java:146)
	at org.springframework.boot.SpringApplication.refresh(SpringApplication.java:754)
	at org.springframework.boot.SpringApplication.refreshContext(SpringApplication.java:456)
	at org.springframework.boot.SpringApplication.run(SpringApplication.java:334)
	at org.springframework.boot.SpringApplication.run(SpringApplication.java:1354)
	at org.springframework.boot.SpringApplication.run(SpringApplication.java:1343)
	at com.example.online_school.OnlineSchoolApplication.main(OnlineSchoolApplication.java:22)
Caused by: liquibase.exception.UnexpectedLiquibaseException: liquibase.exception.CommandExecutionException: liquibase.exception.ValidationFailedException: Validation Failed:
     2 changesets check sum
          db/changelog/v1.0.0-SNAPSHOT/init-db.sql::raw::includeAll was: 9:7ee478daa6c3aa74b19a0477d570baeb but is now: 9:be7df70bdc98bfa3a67c4c4490cb5a77
          db/changelog/v1.0.0-SNAPSHOT/data.sql::raw::includeAll was: 9:87477f55960bc70cfa46107657aad8f8 but is now: 9:1b15c5b8f93de8a80f92525e0720c2e7

	at liquibase.integration.spring.SpringLiquibase.afterPropertiesSet(SpringLiquibase.java:304)
	at org.springframework.beans.factory.support.AbstractAutowireCapableBeanFactory.invokeInitMethods(AbstractAutowireCapableBeanFactory.java:1833)
	at org.springframework.beans.factory.support.AbstractAutowireCapableBeanFactory.initializeBean(AbstractAutowireCapableBeanFactory.java:1782)
	... 18 common frames omitted
Caused by: liquibase.exception.CommandExecutionException: liquibase.exception.ValidationFailedException: Validation Failed:
     2 changesets check sum
          db/changelog/v1.0.0-SNAPSHOT/init-db.sql::raw::includeAll was: 9:7ee478daa6c3aa74b19a0477d570baeb but is now: 9:be7df70bdc98bfa3a67c4c4490cb5a77
          db/changelog/v1.0.0-SNAPSHOT/data.sql::raw::includeAll was: 9:87477f55960bc70cfa46107657aad8f8 but is now: 9:1b15c5b8f93de8a80f92525e0720c2e7

	at liquibase.command.CommandScope.execute(CommandScope.java:253)
	at liquibase.Liquibase.lambda$update$0(Liquibase.java:245)
	at liquibase.Scope.lambda$child$0(Scope.java:186)
	at liquibase.Scope.child(Scope.java:195)
	at liquibase.Scope.child(Scope.java:185)
	at liquibase.Scope.child(Scope.java:164)
	at liquibase.Liquibase.runInScope(Liquibase.java:1419)
	at liquibase.Liquibase.update(Liquibase.java:234)
	at liquibase.Liquibase.update(Liquibase.java:212)
	at liquibase.integration.spring.SpringLiquibase.performUpdate(SpringLiquibase.java:343)
	at liquibase.integration.spring.SpringLiquibase.lambda$afterPropertiesSet$0(SpringLiquibase.java:294)
	at liquibase.Scope.lambda$child$0(Scope.java:186)
	at liquibase.Scope.child(Scope.java:195)
	at liquibase.Scope.child(Scope.java:185)
	at liquibase.Scope.child(Scope.java:164)
	at liquibase.Scope.child(Scope.java:252)
	at liquibase.integration.spring.SpringLiquibase.afterPropertiesSet(SpringLiquibase.java:287)
	... 20 common frames omitted
Caused by: liquibase.exception.ValidationFailedException: Validation Failed:
     2 changesets check sum
          db/changelog/v1.0.0-SNAPSHOT/init-db.sql::raw::includeAll was: 9:7ee478daa6c3aa74b19a0477d570baeb but is now: 9:be7df70bdc98bfa3a67c4c4490cb5a77
          db/changelog/v1.0.0-SNAPSHOT/data.sql::raw::includeAll was: 9:87477f55960bc70cfa46107657aad8f8 but is now: 9:1b15c5b8f93de8a80f92525e0720c2e7

	at liquibase.changelog.DatabaseChangeLog.validate(DatabaseChangeLog.java:358)
	at liquibase.command.core.helpers.DatabaseChangelogCommandStep.run(DatabaseChangelogCommandStep.java:92)
	at liquibase.command.CommandScope.execute(CommandScope.java:217)
	... 36 common frames omitted
08.06.2024 16:15:15.133 [main] INFO  c.e.o.OnlineSchoolApplication - Starting OnlineSchoolApplication using Java 17.0.9 with PID 1322 (/Users/luibov/Desktop/Proekt/OnlineSchool/target/classes started by luibov in /Users/luibov/Desktop/Proekt/OnlineSchool)
08.06.2024 16:15:15.135 [main] INFO  c.e.o.OnlineSchoolApplication - No active profile set, falling back to 1 default profile: "default"
08.06.2024 16:15:16.064 [main] INFO  o.s.d.r.c.RepositoryConfigurationDelegate - Bootstrapping Spring Data JPA repositories in DEFAULT mode.
08.06.2024 16:15:16.122 [main] INFO  o.s.d.r.c.RepositoryConfigurationDelegate - Finished Spring Data repository scanning in 52 ms. Found 5 JPA repository interfaces.
08.06.2024 16:15:17.028 [main] INFO  o.s.b.w.e.t.TomcatWebServer - Tomcat initialized with port 8080 (http)
08.06.2024 16:15:17.038 [main] INFO  o.a.c.c.StandardService - Starting service [Tomcat]
08.06.2024 16:15:17.038 [main] INFO  o.a.c.c.StandardEngine - Starting Servlet engine: [Apache Tomcat/10.1.19]
08.06.2024 16:15:17.095 [main] INFO  o.a.c.c.C.[.[.[/] - Initializing Spring embedded WebApplicationContext
08.06.2024 16:15:17.096 [main] INFO  o.s.b.w.s.c.ServletWebServerApplicationContext - Root WebApplicationContext: initialization completed in 1920 ms
08.06.2024 16:15:17.408 [main] INFO  c.z.h.HikariDataSource - HikariPool-1 - Starting...
08.06.2024 16:15:17.636 [main] INFO  c.z.h.p.HikariPool - HikariPool-1 - Added connection com.mysql.cj.jdbc.ConnectionImpl@990b86b
08.06.2024 16:15:17.638 [main] INFO  c.z.h.HikariDataSource - HikariPool-1 - Start completed.
08.06.2024 16:15:18.075 [main] INFO  liquibase.changelog - Creating database history table with name: online_school.databasechangelog
08.06.2024 16:15:18.175 [main] INFO  liquibase.changelog - Reading from online_school.databasechangelog
08.06.2024 16:15:18.231 [main] INFO  l.lockservice - Successfully acquired change log lock
08.06.2024 16:15:18.232 [main] INFO  liquibase.command - Using deploymentId: 7856118232
08.06.2024 16:15:18.234 [main] INFO  liquibase.changelog - Reading from online_school.databasechangelog
08.06.2024 16:15:18.241 [main] INFO  liquibase.ui - Running Changeset: db/changelog/v1.0.0-SNAPSHOT/init-db.sql::raw::includeAll
08.06.2024 16:15:18.400 [main] INFO  liquibase.changelog - Custom SQL executed
08.06.2024 16:15:18.401 [main] INFO  liquibase.changelog - ChangeSet db/changelog/v1.0.0-SNAPSHOT/init-db.sql::raw::includeAll ran successfully in 159ms
08.06.2024 16:15:18.411 [main] INFO  liquibase.ui - Running Changeset: db/changelog/v1.0.0-SNAPSHOT/data.sql::raw::includeAll
08.06.2024 16:15:18.424 [main] ERROR liquibase.changelog - ChangeSet db/changelog/v1.0.0-SNAPSHOT/data.sql::raw::includeAll encountered an exception.
liquibase.exception.DatabaseException: Data truncated for column 'role_name' at row 1 [Failed SQL: (1265) -- Вставка прав доступа в таблицу "authorities"
INSERT INTO authorities (authority_id, authority_name)
VALUES
    (UUID_TO_BIN('67b54d31-5644-4340-bf28-64a952b4c920'), 'READ'),
    (UUID_TO_BIN('3f94a694-a768-49b3-be56-1409e95e09d9'), 'CREATE'),
    (UUID_TO_BIN('8db81e88-b27e-4a8d-83b9-b8ab066fa2ac'), 'UPDATE'),
    (UUID_TO_BIN('d9233466-7c97-4478-81f6-628fcc1438b3'), 'DELETE');


-- Вставка ролей в таблицу "roles"
INSERT INTO roles(role_id,role_name)
VALUES
    (UUID_TO_BIN('6e01b191-453c-4464-998f-a671619e89de'), 'ROLE_ADMIN'),
    (UUID_TO_BIN('a87cb234-343b-4f87-a739-1ad4b45f1ee3'),'ROLE_TEACHER'),
    (UUID_TO_BIN('5d9eabf8-084a-46bb-a329-b6db2f68000b'),'ROLE_STUDENT'),
    (UUID_TO_BIN('c89a7f93-6f32-400e-847c-c229a3971579'),'ROLE_USER'),
    (UUID_TO_BIN('9d4788fc-4fd3-4864-a60a-9c080b8a187c'),'ROLE_DIRECTOR');


-- Вставка данных в таблицу "role_authority". Связывание ролей и прав
INSERT INTO role_authorities(role_id,authority_id)
VALUES
    (UUID_TO_BIN('6e01b191-453c-4464-998f-a671619e89de'),UUID_TO_BIN('d9233466-7c97-4478-81f6-628fcc1438b3')),
    (UUID_TO_BIN('c89a7f93-6f32-400e-847c-c229a3971579'),UUID_TO_BIN('67b54d31-5644-4340-bf28-64a952b4c920')),
    (UUID_TO_BIN('6e01b191-453c-4464-998f-a671619e89de'),UUID_TO_BIN('3f94a694-a768-49b3-be56-1409e95e09d9')),
    (UUID_TO_BIN('6e01b191-453c-4464-998f-a671619e89de'),UUID_TO_BIN('8db81e88-b27e-4a8d-83b9-b8ab066fa2ac')),
    (UUID_TO_BIN('5d9eabf8-084a-46bb-a329-b6db2f68000b'),UUID_TO_BIN('3f94a694-a768-49b3-be56-1409e95e09d9'));


-- Вставка персональных данных в таблицу " user_infos"
INSERT INTO user_infos (user_info_id, username, password, email, payment_tribute, phone_number, salary)
VALUES
    (UUID_TO_BIN('2dd4c08c-50cd-444b-a75c-4e86001e8bbf'), 'user1', '$2a$10$5GOSARIOZ23c04ORlvXSrODJj/v9tsk63HfMhS.3/r5Rfpq/3Xm8G','Kikosin34@gmail.com', '4600906895214405', '+1234567890', 0000.00),
    (UUID_TO_BIN('e2d3ab6d-734d-4140-a399-17b41640e190'), 'user2', '$2a$10$lfRhINsfChs9Fpe/B1.dXOphzztYWMdiYlIia23sipcmJv5F60rqy', 'LENA2@meta.ua', '377457426914898', '+0987654321', 2500.00),
    (UUID_TO_BIN('a14dc00b-e97f-4ef7-bbb3-bfcbc074a9de'), 'user3', '$2a$10$D1..3IlaaPoZgd36XVPyz.N8z0NGs3VEyFrWu0Kor.XqQQCkJ3BiC', 'Kolya3@example.com', '4405355163778666', '+1122334455', 3000.00);


-- Вставка данных в таблицу "user_info_role". Связывание пользователей и ролей
INSERT INTO user_info_role (user_info_id, role_id)
VALUES
    (UUID_TO_BIN('2dd4c08c-50cd-444b-a75c-4e86001e8bbf'), UUID_TO_BIN('5d9eabf8-084a-46bb-a329-b6db2f68000b')),
    (UUID_TO_BIN('e2d3ab6d-734d-4140-a399-17b41640e190'), UUID_TO_BIN('6e01b191-453c-4464-998f-a671619e89de')),
    (UUID_TO_BIN('e2d3ab6d-734d-4140-a399-17b41640e190'), UUID_TO_BIN('a87cb234-343b-4f87-a739-1ad4b45f1ee3')),
    (UUID_TO_BIN('a14dc00b-e97f-4ef7-bbb3-bfcbc074a9de'), UUID_TO_BIN('a87cb234-343b-4f87-a739-1ad4b45f1ee3'));


-- Вставка  данных в таблицу "schools"
INSERT INTO schools (school_id, address,link, name,phone_number, type_schools )
VALUES
    (UUID_TO_BIN('7a4a0dc7-371a-481f-a967-d4455151a4a0'), 'Ukraina, Uman, str. Bogdana Chornomaza 5, 20300','https://www.school11.org.ua','Uman Gymnasium No. 11', '(04744)3-80-69', 'COLLEGE');


-- Вставка  данных в таблицу "classes"
INSERT INTO classes (class_id, class_name, class_teacher_id, school_id)
VALUES
    (UUID_TO_BIN('f653101d-6ffe-436b-83ba-1c59af00248b'),'1-A',UUID_TO_BIN('e2d3ab6d-734d-4140-a399-17b41640e190'),UUID_TO_BIN('7a4a0dc7-371a-481f-a967-d4455151a4a0')),
    (UUID_TO_BIN('fafe2f11-fd4e-4abc-a0dc-b479a453ffaa'),'2-A',UUID_TO_BIN('a14dc00b-e97f-4ef7-bbb3-bfcbc074a9de'),UUID_TO_BIN('7a4a0dc7-371a-481f-a967-d4455151a4a0'));


-- Вставка персональных данных в таблицу "users"
INSERT INTO users (user_id, first_name, last_name, birthday, class_id, user_info_id)
VALUES
    (UUID_TO_BIN('d234d99d-170e-42f7-b6ae-435ee56f49b5'), 'Kira', 'Mikiz', '1993-10-25' ,  UUID_TO_BIN('fafe2f11-fd4e-4abc-a0dc-b479a453ffaa'), UUID_TO_BIN('2dd4c08c-50cd-444b-a75c-4e86001e8bbf')),
    (UUID_TO_BIN('14a59ac9-8681-432b-a770-7893b52b6e6e'), 'Lena', 'Grynik','1993-01-05', NULL, UUID_TO_BIN('e2d3ab6d-734d-4140-a399-17b41640e190')),
    (UUID_TO_BIN('47487a2c-79f1-421b-af53-807678193c0f'), 'Kolya', 'Nastasev','1993-04-02',NULL ,  UUID_TO_BIN('a14dc00b-e97f-4ef7-bbb3-bfcbc074a9de'));

-- Заполнение данными  таблицу "subjects"
INSERT INTO subjekts (subjekt_id, subjekt_name, count_hours)
VALUES
    (UUID_TO_BIN('35ab0c0a-45b8-419a-af3b-5f9b8dd66422'), 'HISTORY', 120),
    (UUID_TO_BIN('9701dc02-5ee5-47ae-852a-ddc95828d15d'), 'MATHEMATICS', 150),
    (UUID_TO_BIN('4a304e6a-106a-43a1-8f2a-b0d034b0b200'), 'GEOGRAPHY', 100),
    (UUID_TO_BIN('6ab9bc05-ab00-4be9-872f-83adb630208c'), 'INFORMATICS', 135);


-- Заполнение данными  таблицу "lessons"
INSERT INTO lessons (lesson_id,time,class_id,subjekt_id,teacher_id)
VALUES
    (UUID_TO_BIN('6ff0717f-2c96-46de-9ef7-f2bc2c5e9dc0'), '11:00:00',UUID_TO_BIN('f653101d-6ffe-436b-83ba-1c59af00248b'),UUID_TO_BIN('35ab0c0a-45b8-419a-af3b-5f9b8dd66422'),UUID_TO_BIN('14a59ac9-8681-432b-a770-7893b52b6e6e')),
    (UUID_TO_BIN('14b159e2-77d0-4ddd-8c92-0eb02c48ba26'), '12:30:00',UUID_TO_BIN('f653101d-6ffe-436b-83ba-1c59af00248b'),UUID_TO_BIN('4a304e6a-106a-43a1-8f2a-b0d034b0b200'),UUID_TO_BIN('14a59ac9-8681-432b-a770-7893b52b6e6e'));


-- Вставка  данных в таблицу "themes"
INSERT INTO themes (theme_id, theme_name, subjekt_id)
VALUES
    (UUID_TO_BIN('e6403182-8ee8-4efd-a6eb-3c94bd512298'), 'Collection', UUID_TO_BIN('6ab9bc05-ab00-4be9-872f-83adb630208c')),
    (UUID_TO_BIN('1f01f77a-9d8e-4ff0-bf52-94b68e88d191'), 'Collection. List and ArryaList', UUID_TO_BIN('6ab9bc05-ab00-4be9-872f-83adb630208c')),
    (UUID_TO_BIN('2f6ed67f-d2f8-4291-ba69-b902b412c369'), 'Ocean', UUID_TO_BIN('4a304e6a-106a-43a1-8f2a-b0d034b0b200'));

-- Вставка данных в таблицу "class_subjects". Связывание класса и предмета
INSERT INTO class_subjekts (class_id,subjekt_id)
VALUES
    (UUID_TO_BIN('f653101d-6ffe-436b-83ba-1c59af00248b'),UUID_TO_BIN('4a304e6a-106a-43a1-8f2a-b0d034b0b200')),
    (UUID_TO_BIN('fafe2f11-fd4e-4abc-a0dc-b479a453ffaa'),UUID_TO_BIN('6ab9bc05-ab00-4be9-872f-83adb630208c'));]
	at liquibase.executor.jvm.JdbcExecutor$ExecuteStatementCallback.doInStatement(JdbcExecutor.java:470)
	at liquibase.executor.jvm.JdbcExecutor.execute(JdbcExecutor.java:77)
	at liquibase.executor.jvm.JdbcExecutor.execute(JdbcExecutor.java:179)
	at liquibase.executor.AbstractExecutor.execute(AbstractExecutor.java:141)
	at liquibase.database.AbstractJdbcDatabase.executeStatements(AbstractJdbcDatabase.java:1285)
	at liquibase.changelog.ChangeSet.execute(ChangeSet.java:755)
	at liquibase.changelog.visitor.UpdateVisitor.executeAcceptedChange(UpdateVisitor.java:119)
	at liquibase.changelog.visitor.UpdateVisitor.visit(UpdateVisitor.java:68)
	at liquibase.changelog.ChangeLogIterator$2.lambda$run$0(ChangeLogIterator.java:133)
	at liquibase.Scope.lambda$child$0(Scope.java:186)
	at liquibase.Scope.child(Scope.java:195)
	at liquibase.Scope.child(Scope.java:185)
	at liquibase.Scope.child(Scope.java:164)
	at liquibase.changelog.ChangeLogIterator$2.run(ChangeLogIterator.java:122)
	at liquibase.Scope.lambda$child$0(Scope.java:186)
	at liquibase.Scope.child(Scope.java:195)
	at liquibase.Scope.child(Scope.java:185)
	at liquibase.Scope.child(Scope.java:164)
	at liquibase.Scope.child(Scope.java:252)
	at liquibase.Scope.child(Scope.java:256)
	at liquibase.changelog.ChangeLogIterator.run(ChangeLogIterator.java:89)
	at liquibase.command.core.AbstractUpdateCommandStep.lambda$run$0(AbstractUpdateCommandStep.java:110)
	at liquibase.Scope.lambda$child$0(Scope.java:186)
	at liquibase.Scope.child(Scope.java:195)
	at liquibase.Scope.child(Scope.java:185)
	at liquibase.Scope.child(Scope.java:164)
	at liquibase.command.core.AbstractUpdateCommandStep.run(AbstractUpdateCommandStep.java:108)
	at liquibase.command.core.UpdateCommandStep.run(UpdateCommandStep.java:105)
	at liquibase.command.CommandScope.execute(CommandScope.java:217)
	at liquibase.Liquibase.lambda$update$0(Liquibase.java:245)
	at liquibase.Scope.lambda$child$0(Scope.java:186)
	at liquibase.Scope.child(Scope.java:195)
	at liquibase.Scope.child(Scope.java:185)
	at liquibase.Scope.child(Scope.java:164)
	at liquibase.Liquibase.runInScope(Liquibase.java:1419)
	at liquibase.Liquibase.update(Liquibase.java:234)
	at liquibase.Liquibase.update(Liquibase.java:212)
	at liquibase.integration.spring.SpringLiquibase.performUpdate(SpringLiquibase.java:343)
	at liquibase.integration.spring.SpringLiquibase.lambda$afterPropertiesSet$0(SpringLiquibase.java:294)
	at liquibase.Scope.lambda$child$0(Scope.java:186)
	at liquibase.Scope.child(Scope.java:195)
	at liquibase.Scope.child(Scope.java:185)
	at liquibase.Scope.child(Scope.java:164)
	at liquibase.Scope.child(Scope.java:252)
	at liquibase.integration.spring.SpringLiquibase.afterPropertiesSet(SpringLiquibase.java:287)
	at org.springframework.beans.factory.support.AbstractAutowireCapableBeanFactory.invokeInitMethods(AbstractAutowireCapableBeanFactory.java:1833)
	at org.springframework.beans.factory.support.AbstractAutowireCapableBeanFactory.initializeBean(AbstractAutowireCapableBeanFactory.java:1782)
	at org.springframework.beans.factory.support.AbstractAutowireCapableBeanFactory.doCreateBean(AbstractAutowireCapableBeanFactory.java:600)
	at org.springframework.beans.factory.support.AbstractAutowireCapableBeanFactory.createBean(AbstractAutowireCapableBeanFactory.java:522)
	at org.springframework.beans.factory.support.AbstractBeanFactory.lambda$doGetBean$0(AbstractBeanFactory.java:325)
	at org.springframework.beans.factory.support.DefaultSingletonBeanRegistry.getSingleton(DefaultSingletonBeanRegistry.java:234)
	at org.springframework.beans.factory.support.AbstractBeanFactory.doGetBean(AbstractBeanFactory.java:323)
	at org.springframework.beans.factory.support.AbstractBeanFactory.getBean(AbstractBeanFactory.java:199)
	at org.springframework.beans.factory.support.AbstractBeanFactory.doGetBean(AbstractBeanFactory.java:312)
	at org.springframework.beans.factory.support.AbstractBeanFactory.getBean(AbstractBeanFactory.java:199)
	at org.springframework.context.support.AbstractApplicationContext.getBean(AbstractApplicationContext.java:1231)
	at org.springframework.context.support.AbstractApplicationContext.finishBeanFactoryInitialization(AbstractApplicationContext.java:949)
	at org.springframework.context.support.AbstractApplicationContext.refresh(AbstractApplicationContext.java:624)
	at org.springframework.boot.web.servlet.context.ServletWebServerApplicationContext.refresh(ServletWebServerApplicationContext.java:146)
	at org.springframework.boot.SpringApplication.refresh(SpringApplication.java:754)
	at org.springframework.boot.SpringApplication.refreshContext(SpringApplication.java:456)
	at org.springframework.boot.SpringApplication.run(SpringApplication.java:334)
	at org.springframework.boot.SpringApplication.run(SpringApplication.java:1354)
	at org.springframework.boot.SpringApplication.run(SpringApplication.java:1343)
	at com.example.online_school.OnlineSchoolApplication.main(OnlineSchoolApplication.java:22)
Caused by: java.sql.SQLException: Data truncated for column 'role_name' at row 1
	at com.mysql.cj.jdbc.exceptions.SQLError.createSQLException(SQLError.java:130)
	at com.mysql.cj.jdbc.exceptions.SQLExceptionsMapping.translateException(SQLExceptionsMapping.java:122)
	at com.mysql.cj.jdbc.StatementImpl.executeInternal(StatementImpl.java:767)
	at com.mysql.cj.jdbc.StatementImpl.execute(StatementImpl.java:652)
	at com.zaxxer.hikari.pool.ProxyStatement.execute(ProxyStatement.java:94)
	at com.zaxxer.hikari.pool.HikariProxyStatement.execute(HikariProxyStatement.java)
	at liquibase.executor.jvm.JdbcExecutor$ExecuteStatementCallback.doInStatement(JdbcExecutor.java:464)
	... 64 common frames omitted
08.06.2024 16:15:18.432 [main] INFO  liquibase.util - UPDATE SUMMARY
08.06.2024 16:15:18.432 [main] INFO  liquibase.util - Run:                          2
08.06.2024 16:15:18.433 [main] INFO  liquibase.util - Previously run:               0
08.06.2024 16:15:18.433 [main] INFO  liquibase.util - Filtered out:                 0
08.06.2024 16:15:18.433 [main] INFO  liquibase.util - -------------------------------
08.06.2024 16:15:18.433 [main] INFO  liquibase.util - Total change sets:            2
08.06.2024 16:15:18.433 [main] INFO  liquibase.util - Update summary generated
08.06.2024 16:15:18.436 [main] INFO  liquibase.command - Update command encountered an exception.
08.06.2024 16:15:18.439 [main] INFO  l.lockservice - Successfully released change log lock
08.06.2024 16:15:18.441 [main] INFO  liquibase.command - Logging exception.
08.06.2024 16:15:18.441 [main] INFO  liquibase.ui - ERROR: Exception Details
08.06.2024 16:15:18.441 [main] INFO  liquibase.ui - ERROR: Exception Primary Class:  SQLException
08.06.2024 16:15:18.441 [main] INFO  liquibase.ui - ERROR: Exception Primary Reason: Data truncated for column 'role_name' at row 1
08.06.2024 16:15:18.442 [main] INFO  liquibase.ui - ERROR: Exception Primary Source: MySQL 8.0.24
08.06.2024 16:15:18.442 [main] INFO  liquibase.command - Command execution complete
08.06.2024 16:15:18.443 [main] WARN  o.s.b.w.s.c.AnnotationConfigServletWebServerApplicationContext - Exception encountered during context initialization - cancelling refresh attempt: org.springframework.beans.factory.BeanCreationException: Error creating bean with name 'liquibase' defined in class path resource [org/springframework/boot/autoconfigure/liquibase/LiquibaseAutoConfiguration$LiquibaseConfiguration.class]: liquibase.exception.CommandExecutionException: liquibase.exception.LiquibaseException: liquibase.exception.MigrationFailedException: Migration failed for changeset db/changelog/v1.0.0-SNAPSHOT/data.sql::raw::includeAll:
     Reason: liquibase.exception.DatabaseException: Data truncated for column 'role_name' at row 1 [Failed SQL: (1265) -- Вставка прав доступа в таблицу "authorities"
INSERT INTO authorities (authority_id, authority_name)
VALUES
    (UUID_TO_BIN('67b54d31-5644-4340-bf28-64a952b4c920'), 'READ'),
    (UUID_TO_BIN('3f94a694-a768-49b3-be56-1409e95e09d9'), 'CREATE'),
    (UUID_TO_BIN('8db81e88-b27e-4a8d-83b9-b8ab066fa2ac'), 'UPDATE'),
    (UUID_TO_BIN('d9233466-7c97-4478-81f6-628fcc1438b3'), 'DELETE');


-- Вставка ролей в таблицу "roles"
INSERT INTO roles(role_id,role_name)
VALUES
    (UUID_TO_BIN('6e01b191-453c-4464-998f-a671619e89de'), 'ROLE_ADMIN'),
    (UUID_TO_BIN('a87cb234-343b-4f87-a739-1ad4b45f1ee3'),'ROLE_TEACHER'),
    (UUID_TO_BIN('5d9eabf8-084a-46bb-a329-b6db2f68000b'),'ROLE_STUDENT'),
    (UUID_TO_BIN('c89a7f93-6f32-400e-847c-c229a3971579'),'ROLE_USER'),
    (UUID_TO_BIN('9d4788fc-4fd3-4864-a60a-9c080b8a187c'),'ROLE_DIRECTOR');


-- Вставка данных в таблицу "role_authority". Связывание ролей и прав
INSERT INTO role_authorities(role_id,authority_id)
VALUES
    (UUID_TO_BIN('6e01b191-453c-4464-998f-a671619e89de'),UUID_TO_BIN('d9233466-7c97-4478-81f6-628fcc1438b3')),
    (UUID_TO_BIN('c89a7f93-6f32-400e-847c-c229a3971579'),UUID_TO_BIN('67b54d31-5644-4340-bf28-64a952b4c920')),
    (UUID_TO_BIN('6e01b191-453c-4464-998f-a671619e89de'),UUID_TO_BIN('3f94a694-a768-49b3-be56-1409e95e09d9')),
    (UUID_TO_BIN('6e01b191-453c-4464-998f-a671619e89de'),UUID_TO_BIN('8db81e88-b27e-4a8d-83b9-b8ab066fa2ac')),
    (UUID_TO_BIN('5d9eabf8-084a-46bb-a329-b6db2f68000b'),UUID_TO_BIN('3f94a694-a768-49b3-be56-1409e95e09d9'));


-- Вставка персональных данных в таблицу " user_infos"
INSERT INTO user_infos (user_info_id, username, password, email, payment_tribute, phone_number, salary)
VALUES
    (UUID_TO_BIN('2dd4c08c-50cd-444b-a75c-4e86001e8bbf'), 'user1', '$2a$10$5GOSARIOZ23c04ORlvXSrODJj/v9tsk63HfMhS.3/r5Rfpq/3Xm8G','Kikosin34@gmail.com', '4600906895214405', '+1234567890', 0000.00),
    (UUID_TO_BIN('e2d3ab6d-734d-4140-a399-17b41640e190'), 'user2', '$2a$10$lfRhINsfChs9Fpe/B1.dXOphzztYWMdiYlIia23sipcmJv5F60rqy', 'LENA2@meta.ua', '377457426914898', '+0987654321', 2500.00),
    (UUID_TO_BIN('a14dc00b-e97f-4ef7-bbb3-bfcbc074a9de'), 'user3', '$2a$10$D1..3IlaaPoZgd36XVPyz.N8z0NGs3VEyFrWu0Kor.XqQQCkJ3BiC', 'Kolya3@example.com', '4405355163778666', '+1122334455', 3000.00);


-- Вставка данных в таблицу "user_info_role". Связывание пользователей и ролей
INSERT INTO user_info_role (user_info_id, role_id)
VALUES
    (UUID_TO_BIN('2dd4c08c-50cd-444b-a75c-4e86001e8bbf'), UUID_TO_BIN('5d9eabf8-084a-46bb-a329-b6db2f68000b')),
    (UUID_TO_BIN('e2d3ab6d-734d-4140-a399-17b41640e190'), UUID_TO_BIN('6e01b191-453c-4464-998f-a671619e89de')),
    (UUID_TO_BIN('e2d3ab6d-734d-4140-a399-17b41640e190'), UUID_TO_BIN('a87cb234-343b-4f87-a739-1ad4b45f1ee3')),
    (UUID_TO_BIN('a14dc00b-e97f-4ef7-bbb3-bfcbc074a9de'), UUID_TO_BIN('a87cb234-343b-4f87-a739-1ad4b45f1ee3'));


-- Вставка  данных в таблицу "schools"
INSERT INTO schools (school_id, address,link, name,phone_number, type_schools )
VALUES
    (UUID_TO_BIN('7a4a0dc7-371a-481f-a967-d4455151a4a0'), 'Ukraina, Uman, str. Bogdana Chornomaza 5, 20300','https://www.school11.org.ua','Uman Gymnasium No. 11', '(04744)3-80-69', 'COLLEGE');


-- Вставка  данных в таблицу "classes"
INSERT INTO classes (class_id, class_name, class_teacher_id, school_id)
VALUES
    (UUID_TO_BIN('f653101d-6ffe-436b-83ba-1c59af00248b'),'1-A',UUID_TO_BIN('e2d3ab6d-734d-4140-a399-17b41640e190'),UUID_TO_BIN('7a4a0dc7-371a-481f-a967-d4455151a4a0')),
    (UUID_TO_BIN('fafe2f11-fd4e-4abc-a0dc-b479a453ffaa'),'2-A',UUID_TO_BIN('a14dc00b-e97f-4ef7-bbb3-bfcbc074a9de'),UUID_TO_BIN('7a4a0dc7-371a-481f-a967-d4455151a4a0'));


-- Вставка персональных данных в таблицу "users"
INSERT INTO users (user_id, first_name, last_name, birthday, class_id, user_info_id)
VALUES
    (UUID_TO_BIN('d234d99d-170e-42f7-b6ae-435ee56f49b5'), 'Kira', 'Mikiz', '1993-10-25' ,  UUID_TO_BIN('fafe2f11-fd4e-4abc-a0dc-b479a453ffaa'), UUID_TO_BIN('2dd4c08c-50cd-444b-a75c-4e86001e8bbf')),
    (UUID_TO_BIN('14a59ac9-8681-432b-a770-7893b52b6e6e'), 'Lena', 'Grynik','1993-01-05', NULL, UUID_TO_BIN('e2d3ab6d-734d-4140-a399-17b41640e190')),
    (UUID_TO_BIN('47487a2c-79f1-421b-af53-807678193c0f'), 'Kolya', 'Nastasev','1993-04-02',NULL ,  UUID_TO_BIN('a14dc00b-e97f-4ef7-bbb3-bfcbc074a9de'));

-- Заполнение данными  таблицу "subjects"
INSERT INTO subjekts (subjekt_id, subjekt_name, count_hours)
VALUES
    (UUID_TO_BIN('35ab0c0a-45b8-419a-af3b-5f9b8dd66422'), 'HISTORY', 120),
    (UUID_TO_BIN('9701dc02-5ee5-47ae-852a-ddc95828d15d'), 'MATHEMATICS', 150),
    (UUID_TO_BIN('4a304e6a-106a-43a1-8f2a-b0d034b0b200'), 'GEOGRAPHY', 100),
    (UUID_TO_BIN('6ab9bc05-ab00-4be9-872f-83adb630208c'), 'INFORMATICS', 135);


-- Заполнение данными  таблицу "lessons"
INSERT INTO lessons (lesson_id,time,class_id,subjekt_id,teacher_id)
VALUES
    (UUID_TO_BIN('6ff0717f-2c96-46de-9ef7-f2bc2c5e9dc0'), '11:00:00',UUID_TO_BIN('f653101d-6ffe-436b-83ba-1c59af00248b'),UUID_TO_BIN('35ab0c0a-45b8-419a-af3b-5f9b8dd66422'),UUID_TO_BIN('14a59ac9-8681-432b-a770-7893b52b6e6e')),
    (UUID_TO_BIN('14b159e2-77d0-4ddd-8c92-0eb02c48ba26'), '12:30:00',UUID_TO_BIN('f653101d-6ffe-436b-83ba-1c59af00248b'),UUID_TO_BIN('4a304e6a-106a-43a1-8f2a-b0d034b0b200'),UUID_TO_BIN('14a59ac9-8681-432b-a770-7893b52b6e6e'));


-- Вставка  данных в таблицу "themes"
INSERT INTO themes (theme_id, theme_name, subjekt_id)
VALUES
    (UUID_TO_BIN('e6403182-8ee8-4efd-a6eb-3c94bd512298'), 'Collection', UUID_TO_BIN('6ab9bc05-ab00-4be9-872f-83adb630208c')),
    (UUID_TO_BIN('1f01f77a-9d8e-4ff0-bf52-94b68e88d191'), 'Collection. List and ArryaList', UUID_TO_BIN('6ab9bc05-ab00-4be9-872f-83adb630208c')),
    (UUID_TO_BIN('2f6ed67f-d2f8-4291-ba69-b902b412c369'), 'Ocean', UUID_TO_BIN('4a304e6a-106a-43a1-8f2a-b0d034b0b200'));

-- Вставка данных в таблицу "class_subjects". Связывание класса и предмета
INSERT INTO class_subjekts (class_id,subjekt_id)
VALUES
    (UUID_TO_BIN('f653101d-6ffe-436b-83ba-1c59af00248b'),UUID_TO_BIN('4a304e6a-106a-43a1-8f2a-b0d034b0b200')),
    (UUID_TO_BIN('fafe2f11-fd4e-4abc-a0dc-b479a453ffaa'),UUID_TO_BIN('6ab9bc05-ab00-4be9-872f-83adb630208c'));]
08.06.2024 16:15:18.444 [main] INFO  c.z.h.HikariDataSource - HikariPool-1 - Shutdown initiated...
08.06.2024 16:15:18.451 [main] INFO  c.z.h.HikariDataSource - HikariPool-1 - Shutdown completed.
08.06.2024 16:15:18.453 [main] INFO  o.a.c.c.StandardService - Stopping service [Tomcat]
08.06.2024 16:15:18.470 [main] INFO  o.s.b.a.l.ConditionEvaluationReportLogger - 

Error starting ApplicationContext. To display the condition evaluation report re-run your application with 'debug' enabled.
08.06.2024 16:15:18.483 [main] ERROR o.s.b.SpringApplication - Application run failed
org.springframework.beans.factory.BeanCreationException: Error creating bean with name 'liquibase' defined in class path resource [org/springframework/boot/autoconfigure/liquibase/LiquibaseAutoConfiguration$LiquibaseConfiguration.class]: liquibase.exception.CommandExecutionException: liquibase.exception.LiquibaseException: liquibase.exception.MigrationFailedException: Migration failed for changeset db/changelog/v1.0.0-SNAPSHOT/data.sql::raw::includeAll:
     Reason: liquibase.exception.DatabaseException: Data truncated for column 'role_name' at row 1 [Failed SQL: (1265) -- Вставка прав доступа в таблицу "authorities"
INSERT INTO authorities (authority_id, authority_name)
VALUES
    (UUID_TO_BIN('67b54d31-5644-4340-bf28-64a952b4c920'), 'READ'),
    (UUID_TO_BIN('3f94a694-a768-49b3-be56-1409e95e09d9'), 'CREATE'),
    (UUID_TO_BIN('8db81e88-b27e-4a8d-83b9-b8ab066fa2ac'), 'UPDATE'),
    (UUID_TO_BIN('d9233466-7c97-4478-81f6-628fcc1438b3'), 'DELETE');


-- Вставка ролей в таблицу "roles"
INSERT INTO roles(role_id,role_name)
VALUES
    (UUID_TO_BIN('6e01b191-453c-4464-998f-a671619e89de'), 'ROLE_ADMIN'),
    (UUID_TO_BIN('a87cb234-343b-4f87-a739-1ad4b45f1ee3'),'ROLE_TEACHER'),
    (UUID_TO_BIN('5d9eabf8-084a-46bb-a329-b6db2f68000b'),'ROLE_STUDENT'),
    (UUID_TO_BIN('c89a7f93-6f32-400e-847c-c229a3971579'),'ROLE_USER'),
    (UUID_TO_BIN('9d4788fc-4fd3-4864-a60a-9c080b8a187c'),'ROLE_DIRECTOR');


-- Вставка данных в таблицу "role_authority". Связывание ролей и прав
INSERT INTO role_authorities(role_id,authority_id)
VALUES
    (UUID_TO_BIN('6e01b191-453c-4464-998f-a671619e89de'),UUID_TO_BIN('d9233466-7c97-4478-81f6-628fcc1438b3')),
    (UUID_TO_BIN('c89a7f93-6f32-400e-847c-c229a3971579'),UUID_TO_BIN('67b54d31-5644-4340-bf28-64a952b4c920')),
    (UUID_TO_BIN('6e01b191-453c-4464-998f-a671619e89de'),UUID_TO_BIN('3f94a694-a768-49b3-be56-1409e95e09d9')),
    (UUID_TO_BIN('6e01b191-453c-4464-998f-a671619e89de'),UUID_TO_BIN('8db81e88-b27e-4a8d-83b9-b8ab066fa2ac')),
    (UUID_TO_BIN('5d9eabf8-084a-46bb-a329-b6db2f68000b'),UUID_TO_BIN('3f94a694-a768-49b3-be56-1409e95e09d9'));


-- Вставка персональных данных в таблицу " user_infos"
INSERT INTO user_infos (user_info_id, username, password, email, payment_tribute, phone_number, salary)
VALUES
    (UUID_TO_BIN('2dd4c08c-50cd-444b-a75c-4e86001e8bbf'), 'user1', '$2a$10$5GOSARIOZ23c04ORlvXSrODJj/v9tsk63HfMhS.3/r5Rfpq/3Xm8G','Kikosin34@gmail.com', '4600906895214405', '+1234567890', 0000.00),
    (UUID_TO_BIN('e2d3ab6d-734d-4140-a399-17b41640e190'), 'user2', '$2a$10$lfRhINsfChs9Fpe/B1.dXOphzztYWMdiYlIia23sipcmJv5F60rqy', 'LENA2@meta.ua', '377457426914898', '+0987654321', 2500.00),
    (UUID_TO_BIN('a14dc00b-e97f-4ef7-bbb3-bfcbc074a9de'), 'user3', '$2a$10$D1..3IlaaPoZgd36XVPyz.N8z0NGs3VEyFrWu0Kor.XqQQCkJ3BiC', 'Kolya3@example.com', '4405355163778666', '+1122334455', 3000.00);


-- Вставка данных в таблицу "user_info_role". Связывание пользователей и ролей
INSERT INTO user_info_role (user_info_id, role_id)
VALUES
    (UUID_TO_BIN('2dd4c08c-50cd-444b-a75c-4e86001e8bbf'), UUID_TO_BIN('5d9eabf8-084a-46bb-a329-b6db2f68000b')),
    (UUID_TO_BIN('e2d3ab6d-734d-4140-a399-17b41640e190'), UUID_TO_BIN('6e01b191-453c-4464-998f-a671619e89de')),
    (UUID_TO_BIN('e2d3ab6d-734d-4140-a399-17b41640e190'), UUID_TO_BIN('a87cb234-343b-4f87-a739-1ad4b45f1ee3')),
    (UUID_TO_BIN('a14dc00b-e97f-4ef7-bbb3-bfcbc074a9de'), UUID_TO_BIN('a87cb234-343b-4f87-a739-1ad4b45f1ee3'));


-- Вставка  данных в таблицу "schools"
INSERT INTO schools (school_id, address,link, name,phone_number, type_schools )
VALUES
    (UUID_TO_BIN('7a4a0dc7-371a-481f-a967-d4455151a4a0'), 'Ukraina, Uman, str. Bogdana Chornomaza 5, 20300','https://www.school11.org.ua','Uman Gymnasium No. 11', '(04744)3-80-69', 'COLLEGE');


-- Вставка  данных в таблицу "classes"
INSERT INTO classes (class_id, class_name, class_teacher_id, school_id)
VALUES
    (UUID_TO_BIN('f653101d-6ffe-436b-83ba-1c59af00248b'),'1-A',UUID_TO_BIN('e2d3ab6d-734d-4140-a399-17b41640e190'),UUID_TO_BIN('7a4a0dc7-371a-481f-a967-d4455151a4a0')),
    (UUID_TO_BIN('fafe2f11-fd4e-4abc-a0dc-b479a453ffaa'),'2-A',UUID_TO_BIN('a14dc00b-e97f-4ef7-bbb3-bfcbc074a9de'),UUID_TO_BIN('7a4a0dc7-371a-481f-a967-d4455151a4a0'));


-- Вставка персональных данных в таблицу "users"
INSERT INTO users (user_id, first_name, last_name, birthday, class_id, user_info_id)
VALUES
    (UUID_TO_BIN('d234d99d-170e-42f7-b6ae-435ee56f49b5'), 'Kira', 'Mikiz', '1993-10-25' ,  UUID_TO_BIN('fafe2f11-fd4e-4abc-a0dc-b479a453ffaa'), UUID_TO_BIN('2dd4c08c-50cd-444b-a75c-4e86001e8bbf')),
    (UUID_TO_BIN('14a59ac9-8681-432b-a770-7893b52b6e6e'), 'Lena', 'Grynik','1993-01-05', NULL, UUID_TO_BIN('e2d3ab6d-734d-4140-a399-17b41640e190')),
    (UUID_TO_BIN('47487a2c-79f1-421b-af53-807678193c0f'), 'Kolya', 'Nastasev','1993-04-02',NULL ,  UUID_TO_BIN('a14dc00b-e97f-4ef7-bbb3-bfcbc074a9de'));

-- Заполнение данными  таблицу "subjects"
INSERT INTO subjekts (subjekt_id, subjekt_name, count_hours)
VALUES
    (UUID_TO_BIN('35ab0c0a-45b8-419a-af3b-5f9b8dd66422'), 'HISTORY', 120),
    (UUID_TO_BIN('9701dc02-5ee5-47ae-852a-ddc95828d15d'), 'MATHEMATICS', 150),
    (UUID_TO_BIN('4a304e6a-106a-43a1-8f2a-b0d034b0b200'), 'GEOGRAPHY', 100),
    (UUID_TO_BIN('6ab9bc05-ab00-4be9-872f-83adb630208c'), 'INFORMATICS', 135);


-- Заполнение данными  таблицу "lessons"
INSERT INTO lessons (lesson_id,time,class_id,subjekt_id,teacher_id)
VALUES
    (UUID_TO_BIN('6ff0717f-2c96-46de-9ef7-f2bc2c5e9dc0'), '11:00:00',UUID_TO_BIN('f653101d-6ffe-436b-83ba-1c59af00248b'),UUID_TO_BIN('35ab0c0a-45b8-419a-af3b-5f9b8dd66422'),UUID_TO_BIN('14a59ac9-8681-432b-a770-7893b52b6e6e')),
    (UUID_TO_BIN('14b159e2-77d0-4ddd-8c92-0eb02c48ba26'), '12:30:00',UUID_TO_BIN('f653101d-6ffe-436b-83ba-1c59af00248b'),UUID_TO_BIN('4a304e6a-106a-43a1-8f2a-b0d034b0b200'),UUID_TO_BIN('14a59ac9-8681-432b-a770-7893b52b6e6e'));


-- Вставка  данных в таблицу "themes"
INSERT INTO themes (theme_id, theme_name, subjekt_id)
VALUES
    (UUID_TO_BIN('e6403182-8ee8-4efd-a6eb-3c94bd512298'), 'Collection', UUID_TO_BIN('6ab9bc05-ab00-4be9-872f-83adb630208c')),
    (UUID_TO_BIN('1f01f77a-9d8e-4ff0-bf52-94b68e88d191'), 'Collection. List and ArryaList', UUID_TO_BIN('6ab9bc05-ab00-4be9-872f-83adb630208c')),
    (UUID_TO_BIN('2f6ed67f-d2f8-4291-ba69-b902b412c369'), 'Ocean', UUID_TO_BIN('4a304e6a-106a-43a1-8f2a-b0d034b0b200'));

-- Вставка данных в таблицу "class_subjects". Связывание класса и предмета
INSERT INTO class_subjekts (class_id,subjekt_id)
VALUES
    (UUID_TO_BIN('f653101d-6ffe-436b-83ba-1c59af00248b'),UUID_TO_BIN('4a304e6a-106a-43a1-8f2a-b0d034b0b200')),
    (UUID_TO_BIN('fafe2f11-fd4e-4abc-a0dc-b479a453ffaa'),UUID_TO_BIN('6ab9bc05-ab00-4be9-872f-83adb630208c'));]
	at org.springframework.beans.factory.support.AbstractAutowireCapableBeanFactory.initializeBean(AbstractAutowireCapableBeanFactory.java:1786)
	at org.springframework.beans.factory.support.AbstractAutowireCapableBeanFactory.doCreateBean(AbstractAutowireCapableBeanFactory.java:600)
	at org.springframework.beans.factory.support.AbstractAutowireCapableBeanFactory.createBean(AbstractAutowireCapableBeanFactory.java:522)
	at org.springframework.beans.factory.support.AbstractBeanFactory.lambda$doGetBean$0(AbstractBeanFactory.java:325)
	at org.springframework.beans.factory.support.DefaultSingletonBeanRegistry.getSingleton(DefaultSingletonBeanRegistry.java:234)
	at org.springframework.beans.factory.support.AbstractBeanFactory.doGetBean(AbstractBeanFactory.java:323)
	at org.springframework.beans.factory.support.AbstractBeanFactory.getBean(AbstractBeanFactory.java:199)
	at org.springframework.beans.factory.support.AbstractBeanFactory.doGetBean(AbstractBeanFactory.java:312)
	at org.springframework.beans.factory.support.AbstractBeanFactory.getBean(AbstractBeanFactory.java:199)
	at org.springframework.context.support.AbstractApplicationContext.getBean(AbstractApplicationContext.java:1231)
	at org.springframework.context.support.AbstractApplicationContext.finishBeanFactoryInitialization(AbstractApplicationContext.java:949)
	at org.springframework.context.support.AbstractApplicationContext.refresh(AbstractApplicationContext.java:624)
	at org.springframework.boot.web.servlet.context.ServletWebServerApplicationContext.refresh(ServletWebServerApplicationContext.java:146)
	at org.springframework.boot.SpringApplication.refresh(SpringApplication.java:754)
	at org.springframework.boot.SpringApplication.refreshContext(SpringApplication.java:456)
	at org.springframework.boot.SpringApplication.run(SpringApplication.java:334)
	at org.springframework.boot.SpringApplication.run(SpringApplication.java:1354)
	at org.springframework.boot.SpringApplication.run(SpringApplication.java:1343)
	at com.example.online_school.OnlineSchoolApplication.main(OnlineSchoolApplication.java:22)
Caused by: liquibase.exception.UnexpectedLiquibaseException: liquibase.exception.CommandExecutionException: liquibase.exception.LiquibaseException: liquibase.exception.MigrationFailedException: Migration failed for changeset db/changelog/v1.0.0-SNAPSHOT/data.sql::raw::includeAll:
     Reason: liquibase.exception.DatabaseException: Data truncated for column 'role_name' at row 1 [Failed SQL: (1265) -- Вставка прав доступа в таблицу "authorities"
INSERT INTO authorities (authority_id, authority_name)
VALUES
    (UUID_TO_BIN('67b54d31-5644-4340-bf28-64a952b4c920'), 'READ'),
    (UUID_TO_BIN('3f94a694-a768-49b3-be56-1409e95e09d9'), 'CREATE'),
    (UUID_TO_BIN('8db81e88-b27e-4a8d-83b9-b8ab066fa2ac'), 'UPDATE'),
    (UUID_TO_BIN('d9233466-7c97-4478-81f6-628fcc1438b3'), 'DELETE');


-- Вставка ролей в таблицу "roles"
INSERT INTO roles(role_id,role_name)
VALUES
    (UUID_TO_BIN('6e01b191-453c-4464-998f-a671619e89de'), 'ROLE_ADMIN'),
    (UUID_TO_BIN('a87cb234-343b-4f87-a739-1ad4b45f1ee3'),'ROLE_TEACHER'),
    (UUID_TO_BIN('5d9eabf8-084a-46bb-a329-b6db2f68000b'),'ROLE_STUDENT'),
    (UUID_TO_BIN('c89a7f93-6f32-400e-847c-c229a3971579'),'ROLE_USER'),
    (UUID_TO_BIN('9d4788fc-4fd3-4864-a60a-9c080b8a187c'),'ROLE_DIRECTOR');


-- Вставка данных в таблицу "role_authority". Связывание ролей и прав
INSERT INTO role_authorities(role_id,authority_id)
VALUES
    (UUID_TO_BIN('6e01b191-453c-4464-998f-a671619e89de'),UUID_TO_BIN('d9233466-7c97-4478-81f6-628fcc1438b3')),
    (UUID_TO_BIN('c89a7f93-6f32-400e-847c-c229a3971579'),UUID_TO_BIN('67b54d31-5644-4340-bf28-64a952b4c920')),
    (UUID_TO_BIN('6e01b191-453c-4464-998f-a671619e89de'),UUID_TO_BIN('3f94a694-a768-49b3-be56-1409e95e09d9')),
    (UUID_TO_BIN('6e01b191-453c-4464-998f-a671619e89de'),UUID_TO_BIN('8db81e88-b27e-4a8d-83b9-b8ab066fa2ac')),
    (UUID_TO_BIN('5d9eabf8-084a-46bb-a329-b6db2f68000b'),UUID_TO_BIN('3f94a694-a768-49b3-be56-1409e95e09d9'));


-- Вставка персональных данных в таблицу " user_infos"
INSERT INTO user_infos (user_info_id, username, password, email, payment_tribute, phone_number, salary)
VALUES
    (UUID_TO_BIN('2dd4c08c-50cd-444b-a75c-4e86001e8bbf'), 'user1', '$2a$10$5GOSARIOZ23c04ORlvXSrODJj/v9tsk63HfMhS.3/r5Rfpq/3Xm8G','Kikosin34@gmail.com', '4600906895214405', '+1234567890', 0000.00),
    (UUID_TO_BIN('e2d3ab6d-734d-4140-a399-17b41640e190'), 'user2', '$2a$10$lfRhINsfChs9Fpe/B1.dXOphzztYWMdiYlIia23sipcmJv5F60rqy', 'LENA2@meta.ua', '377457426914898', '+0987654321', 2500.00),
    (UUID_TO_BIN('a14dc00b-e97f-4ef7-bbb3-bfcbc074a9de'), 'user3', '$2a$10$D1..3IlaaPoZgd36XVPyz.N8z0NGs3VEyFrWu0Kor.XqQQCkJ3BiC', 'Kolya3@example.com', '4405355163778666', '+1122334455', 3000.00);


-- Вставка данных в таблицу "user_info_role". Связывание пользователей и ролей
INSERT INTO user_info_role (user_info_id, role_id)
VALUES
    (UUID_TO_BIN('2dd4c08c-50cd-444b-a75c-4e86001e8bbf'), UUID_TO_BIN('5d9eabf8-084a-46bb-a329-b6db2f68000b')),
    (UUID_TO_BIN('e2d3ab6d-734d-4140-a399-17b41640e190'), UUID_TO_BIN('6e01b191-453c-4464-998f-a671619e89de')),
    (UUID_TO_BIN('e2d3ab6d-734d-4140-a399-17b41640e190'), UUID_TO_BIN('a87cb234-343b-4f87-a739-1ad4b45f1ee3')),
    (UUID_TO_BIN('a14dc00b-e97f-4ef7-bbb3-bfcbc074a9de'), UUID_TO_BIN('a87cb234-343b-4f87-a739-1ad4b45f1ee3'));


-- Вставка  данных в таблицу "schools"
INSERT INTO schools (school_id, address,link, name,phone_number, type_schools )
VALUES
    (UUID_TO_BIN('7a4a0dc7-371a-481f-a967-d4455151a4a0'), 'Ukraina, Uman, str. Bogdana Chornomaza 5, 20300','https://www.school11.org.ua','Uman Gymnasium No. 11', '(04744)3-80-69', 'COLLEGE');


-- Вставка  данных в таблицу "classes"
INSERT INTO classes (class_id, class_name, class_teacher_id, school_id)
VALUES
    (UUID_TO_BIN('f653101d-6ffe-436b-83ba-1c59af00248b'),'1-A',UUID_TO_BIN('e2d3ab6d-734d-4140-a399-17b41640e190'),UUID_TO_BIN('7a4a0dc7-371a-481f-a967-d4455151a4a0')),
    (UUID_TO_BIN('fafe2f11-fd4e-4abc-a0dc-b479a453ffaa'),'2-A',UUID_TO_BIN('a14dc00b-e97f-4ef7-bbb3-bfcbc074a9de'),UUID_TO_BIN('7a4a0dc7-371a-481f-a967-d4455151a4a0'));


-- Вставка персональных данных в таблицу "users"
INSERT INTO users (user_id, first_name, last_name, birthday, class_id, user_info_id)
VALUES
    (UUID_TO_BIN('d234d99d-170e-42f7-b6ae-435ee56f49b5'), 'Kira', 'Mikiz', '1993-10-25' ,  UUID_TO_BIN('fafe2f11-fd4e-4abc-a0dc-b479a453ffaa'), UUID_TO_BIN('2dd4c08c-50cd-444b-a75c-4e86001e8bbf')),
    (UUID_TO_BIN('14a59ac9-8681-432b-a770-7893b52b6e6e'), 'Lena', 'Grynik','1993-01-05', NULL, UUID_TO_BIN('e2d3ab6d-734d-4140-a399-17b41640e190')),
    (UUID_TO_BIN('47487a2c-79f1-421b-af53-807678193c0f'), 'Kolya', 'Nastasev','1993-04-02',NULL ,  UUID_TO_BIN('a14dc00b-e97f-4ef7-bbb3-bfcbc074a9de'));

-- Заполнение данными  таблицу "subjects"
INSERT INTO subjekts (subjekt_id, subjekt_name, count_hours)
VALUES
    (UUID_TO_BIN('35ab0c0a-45b8-419a-af3b-5f9b8dd66422'), 'HISTORY', 120),
    (UUID_TO_BIN('9701dc02-5ee5-47ae-852a-ddc95828d15d'), 'MATHEMATICS', 150),
    (UUID_TO_BIN('4a304e6a-106a-43a1-8f2a-b0d034b0b200'), 'GEOGRAPHY', 100),
    (UUID_TO_BIN('6ab9bc05-ab00-4be9-872f-83adb630208c'), 'INFORMATICS', 135);


-- Заполнение данными  таблицу "lessons"
INSERT INTO lessons (lesson_id,time,class_id,subjekt_id,teacher_id)
VALUES
    (UUID_TO_BIN('6ff0717f-2c96-46de-9ef7-f2bc2c5e9dc0'), '11:00:00',UUID_TO_BIN('f653101d-6ffe-436b-83ba-1c59af00248b'),UUID_TO_BIN('35ab0c0a-45b8-419a-af3b-5f9b8dd66422'),UUID_TO_BIN('14a59ac9-8681-432b-a770-7893b52b6e6e')),
    (UUID_TO_BIN('14b159e2-77d0-4ddd-8c92-0eb02c48ba26'), '12:30:00',UUID_TO_BIN('f653101d-6ffe-436b-83ba-1c59af00248b'),UUID_TO_BIN('4a304e6a-106a-43a1-8f2a-b0d034b0b200'),UUID_TO_BIN('14a59ac9-8681-432b-a770-7893b52b6e6e'));


-- Вставка  данных в таблицу "themes"
INSERT INTO themes (theme_id, theme_name, subjekt_id)
VALUES
    (UUID_TO_BIN('e6403182-8ee8-4efd-a6eb-3c94bd512298'), 'Collection', UUID_TO_BIN('6ab9bc05-ab00-4be9-872f-83adb630208c')),
    (UUID_TO_BIN('1f01f77a-9d8e-4ff0-bf52-94b68e88d191'), 'Collection. List and ArryaList', UUID_TO_BIN('6ab9bc05-ab00-4be9-872f-83adb630208c')),
    (UUID_TO_BIN('2f6ed67f-d2f8-4291-ba69-b902b412c369'), 'Ocean', UUID_TO_BIN('4a304e6a-106a-43a1-8f2a-b0d034b0b200'));

-- Вставка данных в таблицу "class_subjects". Связывание класса и предмета
INSERT INTO class_subjekts (class_id,subjekt_id)
VALUES
    (UUID_TO_BIN('f653101d-6ffe-436b-83ba-1c59af00248b'),UUID_TO_BIN('4a304e6a-106a-43a1-8f2a-b0d034b0b200')),
    (UUID_TO_BIN('fafe2f11-fd4e-4abc-a0dc-b479a453ffaa'),UUID_TO_BIN('6ab9bc05-ab00-4be9-872f-83adb630208c'));]
	at liquibase.integration.spring.SpringLiquibase.afterPropertiesSet(SpringLiquibase.java:304)
	at org.springframework.beans.factory.support.AbstractAutowireCapableBeanFactory.invokeInitMethods(AbstractAutowireCapableBeanFactory.java:1833)
	at org.springframework.beans.factory.support.AbstractAutowireCapableBeanFactory.initializeBean(AbstractAutowireCapableBeanFactory.java:1782)
	... 18 common frames omitted
Caused by: liquibase.exception.CommandExecutionException: liquibase.exception.LiquibaseException: liquibase.exception.MigrationFailedException: Migration failed for changeset db/changelog/v1.0.0-SNAPSHOT/data.sql::raw::includeAll:
     Reason: liquibase.exception.DatabaseException: Data truncated for column 'role_name' at row 1 [Failed SQL: (1265) -- Вставка прав доступа в таблицу "authorities"
INSERT INTO authorities (authority_id, authority_name)
VALUES
    (UUID_TO_BIN('67b54d31-5644-4340-bf28-64a952b4c920'), 'READ'),
    (UUID_TO_BIN('3f94a694-a768-49b3-be56-1409e95e09d9'), 'CREATE'),
    (UUID_TO_BIN('8db81e88-b27e-4a8d-83b9-b8ab066fa2ac'), 'UPDATE'),
    (UUID_TO_BIN('d9233466-7c97-4478-81f6-628fcc1438b3'), 'DELETE');


-- Вставка ролей в таблицу "roles"
INSERT INTO roles(role_id,role_name)
VALUES
    (UUID_TO_BIN('6e01b191-453c-4464-998f-a671619e89de'), 'ROLE_ADMIN'),
    (UUID_TO_BIN('a87cb234-343b-4f87-a739-1ad4b45f1ee3'),'ROLE_TEACHER'),
    (UUID_TO_BIN('5d9eabf8-084a-46bb-a329-b6db2f68000b'),'ROLE_STUDENT'),
    (UUID_TO_BIN('c89a7f93-6f32-400e-847c-c229a3971579'),'ROLE_USER'),
    (UUID_TO_BIN('9d4788fc-4fd3-4864-a60a-9c080b8a187c'),'ROLE_DIRECTOR');


-- Вставка данных в таблицу "role_authority". Связывание ролей и прав
INSERT INTO role_authorities(role_id,authority_id)
VALUES
    (UUID_TO_BIN('6e01b191-453c-4464-998f-a671619e89de'),UUID_TO_BIN('d9233466-7c97-4478-81f6-628fcc1438b3')),
    (UUID_TO_BIN('c89a7f93-6f32-400e-847c-c229a3971579'),UUID_TO_BIN('67b54d31-5644-4340-bf28-64a952b4c920')),
    (UUID_TO_BIN('6e01b191-453c-4464-998f-a671619e89de'),UUID_TO_BIN('3f94a694-a768-49b3-be56-1409e95e09d9')),
    (UUID_TO_BIN('6e01b191-453c-4464-998f-a671619e89de'),UUID_TO_BIN('8db81e88-b27e-4a8d-83b9-b8ab066fa2ac')),
    (UUID_TO_BIN('5d9eabf8-084a-46bb-a329-b6db2f68000b'),UUID_TO_BIN('3f94a694-a768-49b3-be56-1409e95e09d9'));


-- Вставка персональных данных в таблицу " user_infos"
INSERT INTO user_infos (user_info_id, username, password, email, payment_tribute, phone_number, salary)
VALUES
    (UUID_TO_BIN('2dd4c08c-50cd-444b-a75c-4e86001e8bbf'), 'user1', '$2a$10$5GOSARIOZ23c04ORlvXSrODJj/v9tsk63HfMhS.3/r5Rfpq/3Xm8G','Kikosin34@gmail.com', '4600906895214405', '+1234567890', 0000.00),
    (UUID_TO_BIN('e2d3ab6d-734d-4140-a399-17b41640e190'), 'user2', '$2a$10$lfRhINsfChs9Fpe/B1.dXOphzztYWMdiYlIia23sipcmJv5F60rqy', 'LENA2@meta.ua', '377457426914898', '+0987654321', 2500.00),
    (UUID_TO_BIN('a14dc00b-e97f-4ef7-bbb3-bfcbc074a9de'), 'user3', '$2a$10$D1..3IlaaPoZgd36XVPyz.N8z0NGs3VEyFrWu0Kor.XqQQCkJ3BiC', 'Kolya3@example.com', '4405355163778666', '+1122334455', 3000.00);


-- Вставка данных в таблицу "user_info_role". Связывание пользователей и ролей
INSERT INTO user_info_role (user_info_id, role_id)
VALUES
    (UUID_TO_BIN('2dd4c08c-50cd-444b-a75c-4e86001e8bbf'), UUID_TO_BIN('5d9eabf8-084a-46bb-a329-b6db2f68000b')),
    (UUID_TO_BIN('e2d3ab6d-734d-4140-a399-17b41640e190'), UUID_TO_BIN('6e01b191-453c-4464-998f-a671619e89de')),
    (UUID_TO_BIN('e2d3ab6d-734d-4140-a399-17b41640e190'), UUID_TO_BIN('a87cb234-343b-4f87-a739-1ad4b45f1ee3')),
    (UUID_TO_BIN('a14dc00b-e97f-4ef7-bbb3-bfcbc074a9de'), UUID_TO_BIN('a87cb234-343b-4f87-a739-1ad4b45f1ee3'));


-- Вставка  данных в таблицу "schools"
INSERT INTO schools (school_id, address,link, name,phone_number, type_schools )
VALUES
    (UUID_TO_BIN('7a4a0dc7-371a-481f-a967-d4455151a4a0'), 'Ukraina, Uman, str. Bogdana Chornomaza 5, 20300','https://www.school11.org.ua','Uman Gymnasium No. 11', '(04744)3-80-69', 'COLLEGE');


-- Вставка  данных в таблицу "classes"
INSERT INTO classes (class_id, class_name, class_teacher_id, school_id)
VALUES
    (UUID_TO_BIN('f653101d-6ffe-436b-83ba-1c59af00248b'),'1-A',UUID_TO_BIN('e2d3ab6d-734d-4140-a399-17b41640e190'),UUID_TO_BIN('7a4a0dc7-371a-481f-a967-d4455151a4a0')),
    (UUID_TO_BIN('fafe2f11-fd4e-4abc-a0dc-b479a453ffaa'),'2-A',UUID_TO_BIN('a14dc00b-e97f-4ef7-bbb3-bfcbc074a9de'),UUID_TO_BIN('7a4a0dc7-371a-481f-a967-d4455151a4a0'));


-- Вставка персональных данных в таблицу "users"
INSERT INTO users (user_id, first_name, last_name, birthday, class_id, user_info_id)
VALUES
    (UUID_TO_BIN('d234d99d-170e-42f7-b6ae-435ee56f49b5'), 'Kira', 'Mikiz', '1993-10-25' ,  UUID_TO_BIN('fafe2f11-fd4e-4abc-a0dc-b479a453ffaa'), UUID_TO_BIN('2dd4c08c-50cd-444b-a75c-4e86001e8bbf')),
    (UUID_TO_BIN('14a59ac9-8681-432b-a770-7893b52b6e6e'), 'Lena', 'Grynik','1993-01-05', NULL, UUID_TO_BIN('e2d3ab6d-734d-4140-a399-17b41640e190')),
    (UUID_TO_BIN('47487a2c-79f1-421b-af53-807678193c0f'), 'Kolya', 'Nastasev','1993-04-02',NULL ,  UUID_TO_BIN('a14dc00b-e97f-4ef7-bbb3-bfcbc074a9de'));

-- Заполнение данными  таблицу "subjects"
INSERT INTO subjekts (subjekt_id, subjekt_name, count_hours)
VALUES
    (UUID_TO_BIN('35ab0c0a-45b8-419a-af3b-5f9b8dd66422'), 'HISTORY', 120),
    (UUID_TO_BIN('9701dc02-5ee5-47ae-852a-ddc95828d15d'), 'MATHEMATICS', 150),
    (UUID_TO_BIN('4a304e6a-106a-43a1-8f2a-b0d034b0b200'), 'GEOGRAPHY', 100),
    (UUID_TO_BIN('6ab9bc05-ab00-4be9-872f-83adb630208c'), 'INFORMATICS', 135);


-- Заполнение данными  таблицу "lessons"
INSERT INTO lessons (lesson_id,time,class_id,subjekt_id,teacher_id)
VALUES
    (UUID_TO_BIN('6ff0717f-2c96-46de-9ef7-f2bc2c5e9dc0'), '11:00:00',UUID_TO_BIN('f653101d-6ffe-436b-83ba-1c59af00248b'),UUID_TO_BIN('35ab0c0a-45b8-419a-af3b-5f9b8dd66422'),UUID_TO_BIN('14a59ac9-8681-432b-a770-7893b52b6e6e')),
    (UUID_TO_BIN('14b159e2-77d0-4ddd-8c92-0eb02c48ba26'), '12:30:00',UUID_TO_BIN('f653101d-6ffe-436b-83ba-1c59af00248b'),UUID_TO_BIN('4a304e6a-106a-43a1-8f2a-b0d034b0b200'),UUID_TO_BIN('14a59ac9-8681-432b-a770-7893b52b6e6e'));


-- Вставка  данных в таблицу "themes"
INSERT INTO themes (theme_id, theme_name, subjekt_id)
VALUES
    (UUID_TO_BIN('e6403182-8ee8-4efd-a6eb-3c94bd512298'), 'Collection', UUID_TO_BIN('6ab9bc05-ab00-4be9-872f-83adb630208c')),
    (UUID_TO_BIN('1f01f77a-9d8e-4ff0-bf52-94b68e88d191'), 'Collection. List and ArryaList', UUID_TO_BIN('6ab9bc05-ab00-4be9-872f-83adb630208c')),
    (UUID_TO_BIN('2f6ed67f-d2f8-4291-ba69-b902b412c369'), 'Ocean', UUID_TO_BIN('4a304e6a-106a-43a1-8f2a-b0d034b0b200'));

-- Вставка данных в таблицу "class_subjects". Связывание класса и предмета
INSERT INTO class_subjekts (class_id,subjekt_id)
VALUES
    (UUID_TO_BIN('f653101d-6ffe-436b-83ba-1c59af00248b'),UUID_TO_BIN('4a304e6a-106a-43a1-8f2a-b0d034b0b200')),
    (UUID_TO_BIN('fafe2f11-fd4e-4abc-a0dc-b479a453ffaa'),UUID_TO_BIN('6ab9bc05-ab00-4be9-872f-83adb630208c'));]
	at liquibase.command.CommandScope.execute(CommandScope.java:253)
	at liquibase.Liquibase.lambda$update$0(Liquibase.java:245)
	at liquibase.Scope.lambda$child$0(Scope.java:186)
	at liquibase.Scope.child(Scope.java:195)
	at liquibase.Scope.child(Scope.java:185)
	at liquibase.Scope.child(Scope.java:164)
	at liquibase.Liquibase.runInScope(Liquibase.java:1419)
	at liquibase.Liquibase.update(Liquibase.java:234)
	at liquibase.Liquibase.update(Liquibase.java:212)
	at liquibase.integration.spring.SpringLiquibase.performUpdate(SpringLiquibase.java:343)
	at liquibase.integration.spring.SpringLiquibase.lambda$afterPropertiesSet$0(SpringLiquibase.java:294)
	at liquibase.Scope.lambda$child$0(Scope.java:186)
	at liquibase.Scope.child(Scope.java:195)
	at liquibase.Scope.child(Scope.java:185)
	at liquibase.Scope.child(Scope.java:164)
	at liquibase.Scope.child(Scope.java:252)
	at liquibase.integration.spring.SpringLiquibase.afterPropertiesSet(SpringLiquibase.java:287)
	... 20 common frames omitted
Caused by: liquibase.exception.LiquibaseException: liquibase.exception.MigrationFailedException: Migration failed for changeset db/changelog/v1.0.0-SNAPSHOT/data.sql::raw::includeAll:
     Reason: liquibase.exception.DatabaseException: Data truncated for column 'role_name' at row 1 [Failed SQL: (1265) -- Вставка прав доступа в таблицу "authorities"
INSERT INTO authorities (authority_id, authority_name)
VALUES
    (UUID_TO_BIN('67b54d31-5644-4340-bf28-64a952b4c920'), 'READ'),
    (UUID_TO_BIN('3f94a694-a768-49b3-be56-1409e95e09d9'), 'CREATE'),
    (UUID_TO_BIN('8db81e88-b27e-4a8d-83b9-b8ab066fa2ac'), 'UPDATE'),
    (UUID_TO_BIN('d9233466-7c97-4478-81f6-628fcc1438b3'), 'DELETE');


-- Вставка ролей в таблицу "roles"
INSERT INTO roles(role_id,role_name)
VALUES
    (UUID_TO_BIN('6e01b191-453c-4464-998f-a671619e89de'), 'ROLE_ADMIN'),
    (UUID_TO_BIN('a87cb234-343b-4f87-a739-1ad4b45f1ee3'),'ROLE_TEACHER'),
    (UUID_TO_BIN('5d9eabf8-084a-46bb-a329-b6db2f68000b'),'ROLE_STUDENT'),
    (UUID_TO_BIN('c89a7f93-6f32-400e-847c-c229a3971579'),'ROLE_USER'),
    (UUID_TO_BIN('9d4788fc-4fd3-4864-a60a-9c080b8a187c'),'ROLE_DIRECTOR');


-- Вставка данных в таблицу "role_authority". Связывание ролей и прав
INSERT INTO role_authorities(role_id,authority_id)
VALUES
    (UUID_TO_BIN('6e01b191-453c-4464-998f-a671619e89de'),UUID_TO_BIN('d9233466-7c97-4478-81f6-628fcc1438b3')),
    (UUID_TO_BIN('c89a7f93-6f32-400e-847c-c229a3971579'),UUID_TO_BIN('67b54d31-5644-4340-bf28-64a952b4c920')),
    (UUID_TO_BIN('6e01b191-453c-4464-998f-a671619e89de'),UUID_TO_BIN('3f94a694-a768-49b3-be56-1409e95e09d9')),
    (UUID_TO_BIN('6e01b191-453c-4464-998f-a671619e89de'),UUID_TO_BIN('8db81e88-b27e-4a8d-83b9-b8ab066fa2ac')),
    (UUID_TO_BIN('5d9eabf8-084a-46bb-a329-b6db2f68000b'),UUID_TO_BIN('3f94a694-a768-49b3-be56-1409e95e09d9'));


-- Вставка персональных данных в таблицу " user_infos"
INSERT INTO user_infos (user_info_id, username, password, email, payment_tribute, phone_number, salary)
VALUES
    (UUID_TO_BIN('2dd4c08c-50cd-444b-a75c-4e86001e8bbf'), 'user1', '$2a$10$5GOSARIOZ23c04ORlvXSrODJj/v9tsk63HfMhS.3/r5Rfpq/3Xm8G','Kikosin34@gmail.com', '4600906895214405', '+1234567890', 0000.00),
    (UUID_TO_BIN('e2d3ab6d-734d-4140-a399-17b41640e190'), 'user2', '$2a$10$lfRhINsfChs9Fpe/B1.dXOphzztYWMdiYlIia23sipcmJv5F60rqy', 'LENA2@meta.ua', '377457426914898', '+0987654321', 2500.00),
    (UUID_TO_BIN('a14dc00b-e97f-4ef7-bbb3-bfcbc074a9de'), 'user3', '$2a$10$D1..3IlaaPoZgd36XVPyz.N8z0NGs3VEyFrWu0Kor.XqQQCkJ3BiC', 'Kolya3@example.com', '4405355163778666', '+1122334455', 3000.00);


-- Вставка данных в таблицу "user_info_role". Связывание пользователей и ролей
INSERT INTO user_info_role (user_info_id, role_id)
VALUES
    (UUID_TO_BIN('2dd4c08c-50cd-444b-a75c-4e86001e8bbf'), UUID_TO_BIN('5d9eabf8-084a-46bb-a329-b6db2f68000b')),
    (UUID_TO_BIN('e2d3ab6d-734d-4140-a399-17b41640e190'), UUID_TO_BIN('6e01b191-453c-4464-998f-a671619e89de')),
    (UUID_TO_BIN('e2d3ab6d-734d-4140-a399-17b41640e190'), UUID_TO_BIN('a87cb234-343b-4f87-a739-1ad4b45f1ee3')),
    (UUID_TO_BIN('a14dc00b-e97f-4ef7-bbb3-bfcbc074a9de'), UUID_TO_BIN('a87cb234-343b-4f87-a739-1ad4b45f1ee3'));


-- Вставка  данных в таблицу "schools"
INSERT INTO schools (school_id, address,link, name,phone_number, type_schools )
VALUES
    (UUID_TO_BIN('7a4a0dc7-371a-481f-a967-d4455151a4a0'), 'Ukraina, Uman, str. Bogdana Chornomaza 5, 20300','https://www.school11.org.ua','Uman Gymnasium No. 11', '(04744)3-80-69', 'COLLEGE');


-- Вставка  данных в таблицу "classes"
INSERT INTO classes (class_id, class_name, class_teacher_id, school_id)
VALUES
    (UUID_TO_BIN('f653101d-6ffe-436b-83ba-1c59af00248b'),'1-A',UUID_TO_BIN('e2d3ab6d-734d-4140-a399-17b41640e190'),UUID_TO_BIN('7a4a0dc7-371a-481f-a967-d4455151a4a0')),
    (UUID_TO_BIN('fafe2f11-fd4e-4abc-a0dc-b479a453ffaa'),'2-A',UUID_TO_BIN('a14dc00b-e97f-4ef7-bbb3-bfcbc074a9de'),UUID_TO_BIN('7a4a0dc7-371a-481f-a967-d4455151a4a0'));


-- Вставка персональных данных в таблицу "users"
INSERT INTO users (user_id, first_name, last_name, birthday, class_id, user_info_id)
VALUES
    (UUID_TO_BIN('d234d99d-170e-42f7-b6ae-435ee56f49b5'), 'Kira', 'Mikiz', '1993-10-25' ,  UUID_TO_BIN('fafe2f11-fd4e-4abc-a0dc-b479a453ffaa'), UUID_TO_BIN('2dd4c08c-50cd-444b-a75c-4e86001e8bbf')),
    (UUID_TO_BIN('14a59ac9-8681-432b-a770-7893b52b6e6e'), 'Lena', 'Grynik','1993-01-05', NULL, UUID_TO_BIN('e2d3ab6d-734d-4140-a399-17b41640e190')),
    (UUID_TO_BIN('47487a2c-79f1-421b-af53-807678193c0f'), 'Kolya', 'Nastasev','1993-04-02',NULL ,  UUID_TO_BIN('a14dc00b-e97f-4ef7-bbb3-bfcbc074a9de'));

-- Заполнение данными  таблицу "subjects"
INSERT INTO subjekts (subjekt_id, subjekt_name, count_hours)
VALUES
    (UUID_TO_BIN('35ab0c0a-45b8-419a-af3b-5f9b8dd66422'), 'HISTORY', 120),
    (UUID_TO_BIN('9701dc02-5ee5-47ae-852a-ddc95828d15d'), 'MATHEMATICS', 150),
    (UUID_TO_BIN('4a304e6a-106a-43a1-8f2a-b0d034b0b200'), 'GEOGRAPHY', 100),
    (UUID_TO_BIN('6ab9bc05-ab00-4be9-872f-83adb630208c'), 'INFORMATICS', 135);


-- Заполнение данными  таблицу "lessons"
INSERT INTO lessons (lesson_id,time,class_id,subjekt_id,teacher_id)
VALUES
    (UUID_TO_BIN('6ff0717f-2c96-46de-9ef7-f2bc2c5e9dc0'), '11:00:00',UUID_TO_BIN('f653101d-6ffe-436b-83ba-1c59af00248b'),UUID_TO_BIN('35ab0c0a-45b8-419a-af3b-5f9b8dd66422'),UUID_TO_BIN('14a59ac9-8681-432b-a770-7893b52b6e6e')),
    (UUID_TO_BIN('14b159e2-77d0-4ddd-8c92-0eb02c48ba26'), '12:30:00',UUID_TO_BIN('f653101d-6ffe-436b-83ba-1c59af00248b'),UUID_TO_BIN('4a304e6a-106a-43a1-8f2a-b0d034b0b200'),UUID_TO_BIN('14a59ac9-8681-432b-a770-7893b52b6e6e'));


-- Вставка  данных в таблицу "themes"
INSERT INTO themes (theme_id, theme_name, subjekt_id)
VALUES
    (UUID_TO_BIN('e6403182-8ee8-4efd-a6eb-3c94bd512298'), 'Collection', UUID_TO_BIN('6ab9bc05-ab00-4be9-872f-83adb630208c')),
    (UUID_TO_BIN('1f01f77a-9d8e-4ff0-bf52-94b68e88d191'), 'Collection. List and ArryaList', UUID_TO_BIN('6ab9bc05-ab00-4be9-872f-83adb630208c')),
    (UUID_TO_BIN('2f6ed67f-d2f8-4291-ba69-b902b412c369'), 'Ocean', UUID_TO_BIN('4a304e6a-106a-43a1-8f2a-b0d034b0b200'));

-- Вставка данных в таблицу "class_subjects". Связывание класса и предмета
INSERT INTO class_subjekts (class_id,subjekt_id)
VALUES
    (UUID_TO_BIN('f653101d-6ffe-436b-83ba-1c59af00248b'),UUID_TO_BIN('4a304e6a-106a-43a1-8f2a-b0d034b0b200')),
    (UUID_TO_BIN('fafe2f11-fd4e-4abc-a0dc-b479a453ffaa'),UUID_TO_BIN('6ab9bc05-ab00-4be9-872f-83adb630208c'));]
	at liquibase.changelog.ChangeLogIterator.run(ChangeLogIterator.java:151)
	at liquibase.command.core.AbstractUpdateCommandStep.lambda$run$0(AbstractUpdateCommandStep.java:110)
	at liquibase.Scope.lambda$child$0(Scope.java:186)
	at liquibase.Scope.child(Scope.java:195)
	at liquibase.Scope.child(Scope.java:185)
	at liquibase.Scope.child(Scope.java:164)
	at liquibase.command.core.AbstractUpdateCommandStep.run(AbstractUpdateCommandStep.java:108)
	at liquibase.command.core.UpdateCommandStep.run(UpdateCommandStep.java:105)
	at liquibase.command.CommandScope.execute(CommandScope.java:217)
	... 36 common frames omitted
Caused by: liquibase.exception.MigrationFailedException: Migration failed for changeset db/changelog/v1.0.0-SNAPSHOT/data.sql::raw::includeAll:
     Reason: liquibase.exception.DatabaseException: Data truncated for column 'role_name' at row 1 [Failed SQL: (1265) -- Вставка прав доступа в таблицу "authorities"
INSERT INTO authorities (authority_id, authority_name)
VALUES
    (UUID_TO_BIN('67b54d31-5644-4340-bf28-64a952b4c920'), 'READ'),
    (UUID_TO_BIN('3f94a694-a768-49b3-be56-1409e95e09d9'), 'CREATE'),
    (UUID_TO_BIN('8db81e88-b27e-4a8d-83b9-b8ab066fa2ac'), 'UPDATE'),
    (UUID_TO_BIN('d9233466-7c97-4478-81f6-628fcc1438b3'), 'DELETE');


-- Вставка ролей в таблицу "roles"
INSERT INTO roles(role_id,role_name)
VALUES
    (UUID_TO_BIN('6e01b191-453c-4464-998f-a671619e89de'), 'ROLE_ADMIN'),
    (UUID_TO_BIN('a87cb234-343b-4f87-a739-1ad4b45f1ee3'),'ROLE_TEACHER'),
    (UUID_TO_BIN('5d9eabf8-084a-46bb-a329-b6db2f68000b'),'ROLE_STUDENT'),
    (UUID_TO_BIN('c89a7f93-6f32-400e-847c-c229a3971579'),'ROLE_USER'),
    (UUID_TO_BIN('9d4788fc-4fd3-4864-a60a-9c080b8a187c'),'ROLE_DIRECTOR');


-- Вставка данных в таблицу "role_authority". Связывание ролей и прав
INSERT INTO role_authorities(role_id,authority_id)
VALUES
    (UUID_TO_BIN('6e01b191-453c-4464-998f-a671619e89de'),UUID_TO_BIN('d9233466-7c97-4478-81f6-628fcc1438b3')),
    (UUID_TO_BIN('c89a7f93-6f32-400e-847c-c229a3971579'),UUID_TO_BIN('67b54d31-5644-4340-bf28-64a952b4c920')),
    (UUID_TO_BIN('6e01b191-453c-4464-998f-a671619e89de'),UUID_TO_BIN('3f94a694-a768-49b3-be56-1409e95e09d9')),
    (UUID_TO_BIN('6e01b191-453c-4464-998f-a671619e89de'),UUID_TO_BIN('8db81e88-b27e-4a8d-83b9-b8ab066fa2ac')),
    (UUID_TO_BIN('5d9eabf8-084a-46bb-a329-b6db2f68000b'),UUID_TO_BIN('3f94a694-a768-49b3-be56-1409e95e09d9'));


-- Вставка персональных данных в таблицу " user_infos"
INSERT INTO user_infos (user_info_id, username, password, email, payment_tribute, phone_number, salary)
VALUES
    (UUID_TO_BIN('2dd4c08c-50cd-444b-a75c-4e86001e8bbf'), 'user1', '$2a$10$5GOSARIOZ23c04ORlvXSrODJj/v9tsk63HfMhS.3/r5Rfpq/3Xm8G','Kikosin34@gmail.com', '4600906895214405', '+1234567890', 0000.00),
    (UUID_TO_BIN('e2d3ab6d-734d-4140-a399-17b41640e190'), 'user2', '$2a$10$lfRhINsfChs9Fpe/B1.dXOphzztYWMdiYlIia23sipcmJv5F60rqy', 'LENA2@meta.ua', '377457426914898', '+0987654321', 2500.00),
    (UUID_TO_BIN('a14dc00b-e97f-4ef7-bbb3-bfcbc074a9de'), 'user3', '$2a$10$D1..3IlaaPoZgd36XVPyz.N8z0NGs3VEyFrWu0Kor.XqQQCkJ3BiC', 'Kolya3@example.com', '4405355163778666', '+1122334455', 3000.00);


-- Вставка данных в таблицу "user_info_role". Связывание пользователей и ролей
INSERT INTO user_info_role (user_info_id, role_id)
VALUES
    (UUID_TO_BIN('2dd4c08c-50cd-444b-a75c-4e86001e8bbf'), UUID_TO_BIN('5d9eabf8-084a-46bb-a329-b6db2f68000b')),
    (UUID_TO_BIN('e2d3ab6d-734d-4140-a399-17b41640e190'), UUID_TO_BIN('6e01b191-453c-4464-998f-a671619e89de')),
    (UUID_TO_BIN('e2d3ab6d-734d-4140-a399-17b41640e190'), UUID_TO_BIN('a87cb234-343b-4f87-a739-1ad4b45f1ee3')),
    (UUID_TO_BIN('a14dc00b-e97f-4ef7-bbb3-bfcbc074a9de'), UUID_TO_BIN('a87cb234-343b-4f87-a739-1ad4b45f1ee3'));


-- Вставка  данных в таблицу "schools"
INSERT INTO schools (school_id, address,link, name,phone_number, type_schools )
VALUES
    (UUID_TO_BIN('7a4a0dc7-371a-481f-a967-d4455151a4a0'), 'Ukraina, Uman, str. Bogdana Chornomaza 5, 20300','https://www.school11.org.ua','Uman Gymnasium No. 11', '(04744)3-80-69', 'COLLEGE');


-- Вставка  данных в таблицу "classes"
INSERT INTO classes (class_id, class_name, class_teacher_id, school_id)
VALUES
    (UUID_TO_BIN('f653101d-6ffe-436b-83ba-1c59af00248b'),'1-A',UUID_TO_BIN('e2d3ab6d-734d-4140-a399-17b41640e190'),UUID_TO_BIN('7a4a0dc7-371a-481f-a967-d4455151a4a0')),
    (UUID_TO_BIN('fafe2f11-fd4e-4abc-a0dc-b479a453ffaa'),'2-A',UUID_TO_BIN('a14dc00b-e97f-4ef7-bbb3-bfcbc074a9de'),UUID_TO_BIN('7a4a0dc7-371a-481f-a967-d4455151a4a0'));


-- Вставка персональных данных в таблицу "users"
INSERT INTO users (user_id, first_name, last_name, birthday, class_id, user_info_id)
VALUES
    (UUID_TO_BIN('d234d99d-170e-42f7-b6ae-435ee56f49b5'), 'Kira', 'Mikiz', '1993-10-25' ,  UUID_TO_BIN('fafe2f11-fd4e-4abc-a0dc-b479a453ffaa'), UUID_TO_BIN('2dd4c08c-50cd-444b-a75c-4e86001e8bbf')),
    (UUID_TO_BIN('14a59ac9-8681-432b-a770-7893b52b6e6e'), 'Lena', 'Grynik','1993-01-05', NULL, UUID_TO_BIN('e2d3ab6d-734d-4140-a399-17b41640e190')),
    (UUID_TO_BIN('47487a2c-79f1-421b-af53-807678193c0f'), 'Kolya', 'Nastasev','1993-04-02',NULL ,  UUID_TO_BIN('a14dc00b-e97f-4ef7-bbb3-bfcbc074a9de'));

-- Заполнение данными  таблицу "subjects"
INSERT INTO subjekts (subjekt_id, subjekt_name, count_hours)
VALUES
    (UUID_TO_BIN('35ab0c0a-45b8-419a-af3b-5f9b8dd66422'), 'HISTORY', 120),
    (UUID_TO_BIN('9701dc02-5ee5-47ae-852a-ddc95828d15d'), 'MATHEMATICS', 150),
    (UUID_TO_BIN('4a304e6a-106a-43a1-8f2a-b0d034b0b200'), 'GEOGRAPHY', 100),
    (UUID_TO_BIN('6ab9bc05-ab00-4be9-872f-83adb630208c'), 'INFORMATICS', 135);


-- Заполнение данными  таблицу "lessons"
INSERT INTO lessons (lesson_id,time,class_id,subjekt_id,teacher_id)
VALUES
    (UUID_TO_BIN('6ff0717f-2c96-46de-9ef7-f2bc2c5e9dc0'), '11:00:00',UUID_TO_BIN('f653101d-6ffe-436b-83ba-1c59af00248b'),UUID_TO_BIN('35ab0c0a-45b8-419a-af3b-5f9b8dd66422'),UUID_TO_BIN('14a59ac9-8681-432b-a770-7893b52b6e6e')),
    (UUID_TO_BIN('14b159e2-77d0-4ddd-8c92-0eb02c48ba26'), '12:30:00',UUID_TO_BIN('f653101d-6ffe-436b-83ba-1c59af00248b'),UUID_TO_BIN('4a304e6a-106a-43a1-8f2a-b0d034b0b200'),UUID_TO_BIN('14a59ac9-8681-432b-a770-7893b52b6e6e'));


-- Вставка  данных в таблицу "themes"
INSERT INTO themes (theme_id, theme_name, subjekt_id)
VALUES
    (UUID_TO_BIN('e6403182-8ee8-4efd-a6eb-3c94bd512298'), 'Collection', UUID_TO_BIN('6ab9bc05-ab00-4be9-872f-83adb630208c')),
    (UUID_TO_BIN('1f01f77a-9d8e-4ff0-bf52-94b68e88d191'), 'Collection. List and ArryaList', UUID_TO_BIN('6ab9bc05-ab00-4be9-872f-83adb630208c')),
    (UUID_TO_BIN('2f6ed67f-d2f8-4291-ba69-b902b412c369'), 'Ocean', UUID_TO_BIN('4a304e6a-106a-43a1-8f2a-b0d034b0b200'));

-- Вставка данных в таблицу "class_subjects". Связывание класса и предмета
INSERT INTO class_subjekts (class_id,subjekt_id)
VALUES
    (UUID_TO_BIN('f653101d-6ffe-436b-83ba-1c59af00248b'),UUID_TO_BIN('4a304e6a-106a-43a1-8f2a-b0d034b0b200')),
    (UUID_TO_BIN('fafe2f11-fd4e-4abc-a0dc-b479a453ffaa'),UUID_TO_BIN('6ab9bc05-ab00-4be9-872f-83adb630208c'));]
	at liquibase.changelog.ChangeSet.execute(ChangeSet.java:797)
	at liquibase.changelog.visitor.UpdateVisitor.executeAcceptedChange(UpdateVisitor.java:119)
	at liquibase.changelog.visitor.UpdateVisitor.visit(UpdateVisitor.java:68)
	at liquibase.changelog.ChangeLogIterator$2.lambda$run$0(ChangeLogIterator.java:133)
	at liquibase.Scope.lambda$child$0(Scope.java:186)
	at liquibase.Scope.child(Scope.java:195)
	at liquibase.Scope.child(Scope.java:185)
	at liquibase.Scope.child(Scope.java:164)
	at liquibase.changelog.ChangeLogIterator$2.run(ChangeLogIterator.java:122)
	at liquibase.Scope.lambda$child$0(Scope.java:186)
	at liquibase.Scope.child(Scope.java:195)
	at liquibase.Scope.child(Scope.java:185)
	at liquibase.Scope.child(Scope.java:164)
	at liquibase.Scope.child(Scope.java:252)
	at liquibase.Scope.child(Scope.java:256)
	at liquibase.changelog.ChangeLogIterator.run(ChangeLogIterator.java:89)
	... 44 common frames omitted
Caused by: liquibase.exception.DatabaseException: Data truncated for column 'role_name' at row 1 [Failed SQL: (1265) -- Вставка прав доступа в таблицу "authorities"
INSERT INTO authorities (authority_id, authority_name)
VALUES
    (UUID_TO_BIN('67b54d31-5644-4340-bf28-64a952b4c920'), 'READ'),
    (UUID_TO_BIN('3f94a694-a768-49b3-be56-1409e95e09d9'), 'CREATE'),
    (UUID_TO_BIN('8db81e88-b27e-4a8d-83b9-b8ab066fa2ac'), 'UPDATE'),
    (UUID_TO_BIN('d9233466-7c97-4478-81f6-628fcc1438b3'), 'DELETE');


-- Вставка ролей в таблицу "roles"
INSERT INTO roles(role_id,role_name)
VALUES
    (UUID_TO_BIN('6e01b191-453c-4464-998f-a671619e89de'), 'ROLE_ADMIN'),
    (UUID_TO_BIN('a87cb234-343b-4f87-a739-1ad4b45f1ee3'),'ROLE_TEACHER'),
    (UUID_TO_BIN('5d9eabf8-084a-46bb-a329-b6db2f68000b'),'ROLE_STUDENT'),
    (UUID_TO_BIN('c89a7f93-6f32-400e-847c-c229a3971579'),'ROLE_USER'),
    (UUID_TO_BIN('9d4788fc-4fd3-4864-a60a-9c080b8a187c'),'ROLE_DIRECTOR');


-- Вставка данных в таблицу "role_authority". Связывание ролей и прав
INSERT INTO role_authorities(role_id,authority_id)
VALUES
    (UUID_TO_BIN('6e01b191-453c-4464-998f-a671619e89de'),UUID_TO_BIN('d9233466-7c97-4478-81f6-628fcc1438b3')),
    (UUID_TO_BIN('c89a7f93-6f32-400e-847c-c229a3971579'),UUID_TO_BIN('67b54d31-5644-4340-bf28-64a952b4c920')),
    (UUID_TO_BIN('6e01b191-453c-4464-998f-a671619e89de'),UUID_TO_BIN('3f94a694-a768-49b3-be56-1409e95e09d9')),
    (UUID_TO_BIN('6e01b191-453c-4464-998f-a671619e89de'),UUID_TO_BIN('8db81e88-b27e-4a8d-83b9-b8ab066fa2ac')),
    (UUID_TO_BIN('5d9eabf8-084a-46bb-a329-b6db2f68000b'),UUID_TO_BIN('3f94a694-a768-49b3-be56-1409e95e09d9'));


-- Вставка персональных данных в таблицу " user_infos"
INSERT INTO user_infos (user_info_id, username, password, email, payment_tribute, phone_number, salary)
VALUES
    (UUID_TO_BIN('2dd4c08c-50cd-444b-a75c-4e86001e8bbf'), 'user1', '$2a$10$5GOSARIOZ23c04ORlvXSrODJj/v9tsk63HfMhS.3/r5Rfpq/3Xm8G','Kikosin34@gmail.com', '4600906895214405', '+1234567890', 0000.00),
    (UUID_TO_BIN('e2d3ab6d-734d-4140-a399-17b41640e190'), 'user2', '$2a$10$lfRhINsfChs9Fpe/B1.dXOphzztYWMdiYlIia23sipcmJv5F60rqy', 'LENA2@meta.ua', '377457426914898', '+0987654321', 2500.00),
    (UUID_TO_BIN('a14dc00b-e97f-4ef7-bbb3-bfcbc074a9de'), 'user3', '$2a$10$D1..3IlaaPoZgd36XVPyz.N8z0NGs3VEyFrWu0Kor.XqQQCkJ3BiC', 'Kolya3@example.com', '4405355163778666', '+1122334455', 3000.00);


-- Вставка данных в таблицу "user_info_role". Связывание пользователей и ролей
INSERT INTO user_info_role (user_info_id, role_id)
VALUES
    (UUID_TO_BIN('2dd4c08c-50cd-444b-a75c-4e86001e8bbf'), UUID_TO_BIN('5d9eabf8-084a-46bb-a329-b6db2f68000b')),
    (UUID_TO_BIN('e2d3ab6d-734d-4140-a399-17b41640e190'), UUID_TO_BIN('6e01b191-453c-4464-998f-a671619e89de')),
    (UUID_TO_BIN('e2d3ab6d-734d-4140-a399-17b41640e190'), UUID_TO_BIN('a87cb234-343b-4f87-a739-1ad4b45f1ee3')),
    (UUID_TO_BIN('a14dc00b-e97f-4ef7-bbb3-bfcbc074a9de'), UUID_TO_BIN('a87cb234-343b-4f87-a739-1ad4b45f1ee3'));


-- Вставка  данных в таблицу "schools"
INSERT INTO schools (school_id, address,link, name,phone_number, type_schools )
VALUES
    (UUID_TO_BIN('7a4a0dc7-371a-481f-a967-d4455151a4a0'), 'Ukraina, Uman, str. Bogdana Chornomaza 5, 20300','https://www.school11.org.ua','Uman Gymnasium No. 11', '(04744)3-80-69', 'COLLEGE');


-- Вставка  данных в таблицу "classes"
INSERT INTO classes (class_id, class_name, class_teacher_id, school_id)
VALUES
    (UUID_TO_BIN('f653101d-6ffe-436b-83ba-1c59af00248b'),'1-A',UUID_TO_BIN('e2d3ab6d-734d-4140-a399-17b41640e190'),UUID_TO_BIN('7a4a0dc7-371a-481f-a967-d4455151a4a0')),
    (UUID_TO_BIN('fafe2f11-fd4e-4abc-a0dc-b479a453ffaa'),'2-A',UUID_TO_BIN('a14dc00b-e97f-4ef7-bbb3-bfcbc074a9de'),UUID_TO_BIN('7a4a0dc7-371a-481f-a967-d4455151a4a0'));


-- Вставка персональных данных в таблицу "users"
INSERT INTO users (user_id, first_name, last_name, birthday, class_id, user_info_id)
VALUES
    (UUID_TO_BIN('d234d99d-170e-42f7-b6ae-435ee56f49b5'), 'Kira', 'Mikiz', '1993-10-25' ,  UUID_TO_BIN('fafe2f11-fd4e-4abc-a0dc-b479a453ffaa'), UUID_TO_BIN('2dd4c08c-50cd-444b-a75c-4e86001e8bbf')),
    (UUID_TO_BIN('14a59ac9-8681-432b-a770-7893b52b6e6e'), 'Lena', 'Grynik','1993-01-05', NULL, UUID_TO_BIN('e2d3ab6d-734d-4140-a399-17b41640e190')),
    (UUID_TO_BIN('47487a2c-79f1-421b-af53-807678193c0f'), 'Kolya', 'Nastasev','1993-04-02',NULL ,  UUID_TO_BIN('a14dc00b-e97f-4ef7-bbb3-bfcbc074a9de'));

-- Заполнение данными  таблицу "subjects"
INSERT INTO subjekts (subjekt_id, subjekt_name, count_hours)
VALUES
    (UUID_TO_BIN('35ab0c0a-45b8-419a-af3b-5f9b8dd66422'), 'HISTORY', 120),
    (UUID_TO_BIN('9701dc02-5ee5-47ae-852a-ddc95828d15d'), 'MATHEMATICS', 150),
    (UUID_TO_BIN('4a304e6a-106a-43a1-8f2a-b0d034b0b200'), 'GEOGRAPHY', 100),
    (UUID_TO_BIN('6ab9bc05-ab00-4be9-872f-83adb630208c'), 'INFORMATICS', 135);


-- Заполнение данными  таблицу "lessons"
INSERT INTO lessons (lesson_id,time,class_id,subjekt_id,teacher_id)
VALUES
    (UUID_TO_BIN('6ff0717f-2c96-46de-9ef7-f2bc2c5e9dc0'), '11:00:00',UUID_TO_BIN('f653101d-6ffe-436b-83ba-1c59af00248b'),UUID_TO_BIN('35ab0c0a-45b8-419a-af3b-5f9b8dd66422'),UUID_TO_BIN('14a59ac9-8681-432b-a770-7893b52b6e6e')),
    (UUID_TO_BIN('14b159e2-77d0-4ddd-8c92-0eb02c48ba26'), '12:30:00',UUID_TO_BIN('f653101d-6ffe-436b-83ba-1c59af00248b'),UUID_TO_BIN('4a304e6a-106a-43a1-8f2a-b0d034b0b200'),UUID_TO_BIN('14a59ac9-8681-432b-a770-7893b52b6e6e'));


-- Вставка  данных в таблицу "themes"
INSERT INTO themes (theme_id, theme_name, subjekt_id)
VALUES
    (UUID_TO_BIN('e6403182-8ee8-4efd-a6eb-3c94bd512298'), 'Collection', UUID_TO_BIN('6ab9bc05-ab00-4be9-872f-83adb630208c')),
    (UUID_TO_BIN('1f01f77a-9d8e-4ff0-bf52-94b68e88d191'), 'Collection. List and ArryaList', UUID_TO_BIN('6ab9bc05-ab00-4be9-872f-83adb630208c')),
    (UUID_TO_BIN('2f6ed67f-d2f8-4291-ba69-b902b412c369'), 'Ocean', UUID_TO_BIN('4a304e6a-106a-43a1-8f2a-b0d034b0b200'));

-- Вставка данных в таблицу "class_subjects". Связывание класса и предмета
INSERT INTO class_subjekts (class_id,subjekt_id)
VALUES
    (UUID_TO_BIN('f653101d-6ffe-436b-83ba-1c59af00248b'),UUID_TO_BIN('4a304e6a-106a-43a1-8f2a-b0d034b0b200')),
    (UUID_TO_BIN('fafe2f11-fd4e-4abc-a0dc-b479a453ffaa'),UUID_TO_BIN('6ab9bc05-ab00-4be9-872f-83adb630208c'));]
	at liquibase.executor.jvm.JdbcExecutor$ExecuteStatementCallback.doInStatement(JdbcExecutor.java:470)
	at liquibase.executor.jvm.JdbcExecutor.execute(JdbcExecutor.java:77)
	at liquibase.executor.jvm.JdbcExecutor.execute(JdbcExecutor.java:179)
	at liquibase.executor.AbstractExecutor.execute(AbstractExecutor.java:141)
	at liquibase.database.AbstractJdbcDatabase.executeStatements(AbstractJdbcDatabase.java:1285)
	at liquibase.changelog.ChangeSet.execute(ChangeSet.java:755)
	... 59 common frames omitted
Caused by: java.sql.SQLException: Data truncated for column 'role_name' at row 1
	at com.mysql.cj.jdbc.exceptions.SQLError.createSQLException(SQLError.java:130)
	at com.mysql.cj.jdbc.exceptions.SQLExceptionsMapping.translateException(SQLExceptionsMapping.java:122)
	at com.mysql.cj.jdbc.StatementImpl.executeInternal(StatementImpl.java:767)
	at com.mysql.cj.jdbc.StatementImpl.execute(StatementImpl.java:652)
	at com.zaxxer.hikari.pool.ProxyStatement.execute(ProxyStatement.java:94)
	at com.zaxxer.hikari.pool.HikariProxyStatement.execute(HikariProxyStatement.java)
	at liquibase.executor.jvm.JdbcExecutor$ExecuteStatementCallback.doInStatement(JdbcExecutor.java:464)
	... 64 common frames omitted
